




<!DOCTYPE html>
<html>
<head>
	<meta charset='UTF-8' /> 
	<meta name='description' content='' />
	<meta name='robots' content='noodp, noydir' />
	<meta name='viewport' content='width=device-width, initial-scale=1' />
	<meta id="timeStampFormat" name="timeStampFormat" content='MMM d, yyyy hh:mm:ss a'/>
	
        <link href='https://fonts.googleapis.com/css?family=Source+Sans+Pro:400,600' rel='stylesheet' type='text/css' />
        <link href="https://fonts.googleapis.com/icon?family=Material+Icons" rel="stylesheet" />
        <link href='https://cdn.jsdelivr.net/gh/extent-framework/extent-github-cdn@ff53917fbbdb5ef820abbbe4d199a6942dc771ff/v3html/css/extent.css' type='text/css' rel='stylesheet' />
	
	<title>Spark Extent</title>

	<style type='text/css'>
		/* json-tree */
		.jstBracket,.jstComma,.jstValue{white-space:pre-wrap}.jstValue{font-size:10px;font-weight:400;font-family:"Lucida Console",Monaco,monospace}.jstProperty{color:#666;word-wrap:break-word}.jstBool{color:#2525CC}.jstNum{color:#D036D0}.jstNull{color:gray}.jstStr{color:#2DB669}.jstFold:after{content:' -';cursor:pointer}.jstExpand{white-space:normal}.jstExpand:after{content:' +';cursor:pointer}.jstFolded{white-space:normal!important}.jstHiddenBlock{display:none}
			
	</style>
	
	<script type="text/javascript">
		/*! json-tree - v0.2.2 - 2017-09-25, MIT LICENSE */
		var JSONTree=function(){var n={"&":"&amp;","<":"&lt;",">":"&gt;",'"':"&quot;","'":"&#x27;","/":"&#x2F;"},t=0,r=0;this.create=function(n,t){return r+=1,N(u(n,0,!1),{class:"jstValue"})};var e=function(t){return t.replace(/[&<>'"]/g,function(t){return n[t]})},s=function(){return r+"_"+t++},u=function(n,t,r){if(null===n)return f(r?t:0);switch(typeof n){case"boolean":return l(n,r?t:0);case"number":return i(n,r?t:0);case"string":return o(n,r?t:0);default:return n instanceof Array?a(n,t,r):c(n,t,r)}},c=function(n,t,r){var e=s(),u=Object.keys(n).map(function(r){return j(r,n[r],t+1,!0)}).join(m()),c=[g("{",r?t:0,e),N(u,{id:e}),p("}",t)].join("\n");return N(c,{})},a=function(n,t,r){var e=s(),c=n.map(function(n){return u(n,t+1,!0)}).join(m());return[g("[",r?t:0,e),N(c,{id:e}),p("]",t)].join("\n")},o=function(n,t){var r=e(JSON.stringify(n));return N(v(r,t),{class:"jstStr"})},i=function(n,t){return N(v(n,t),{class:"jstNum"})},l=function(n,t){return N(v(n,t),{class:"jstBool"})},f=function(n){return N(v("null",n),{class:"jstNull"})},j=function(n,t,r){var s=v(e(JSON.stringify(n))+": ",r),c=N(u(t,r,!1),{});return N(s+c,{class:"jstProperty"})},m=function(){return N(",\n",{class:"jstComma"})},N=function(n,t){return d("span",t,n)},d=function(n,t,r){return"<"+n+Object.keys(t).map(function(n){return" "+n+'="'+t[n]+'"'}).join("")+">"+r+"</"+n+">"},g=function(n,t,r){return N(v(n,t),{class:"jstBracket"})+N("",{class:"jstFold",onclick:"JSONTree.toggle('"+r+"')"})};this.toggle=function(n){var t=document.getElementById(n),r=t.parentNode,e=t.previousElementSibling;""===t.className?(t.className="jstHiddenBlock",r.className="jstFolded",e.className="jstExpand"):(t.className="",r.className="",e.className="jstFold")};var p=function(n,t){return N(v(n,t),{})},v=function(n,t){return Array(2*t+1).join(" ")+n};return this}();
	</script>
</head>
	<body class='extent dark default hide-overflow bdd-report'>
		<div id='theme-selector' alt='Click to toggle theme. To enable by default, use theme configuration.' title='Click to toggle theme. To enable by default, use theme configuration.'>
			<span><i class='material-icons'>desktop_windows</i></span>
		</div>
<nav>
	<div class="nav-wrapper">
        <a href="#!" class="brand-logo black"><img src="https://cdn.jsdelivr.net/gh/extent-framework/extent-github-cdn@ff53917fbbdb5ef820abbbe4d199a6942dc771ff/commons/img/logo.png"></a>
		<!-- slideout menu -->
		<ul id='slide-out' class='side-nav fixed hide-on-med-and-down'>
			<li class='waves-effect active'><a href='#!' view='test-view' onclick="configureView(0);chartsView('test');"><i class='material-icons'>dashboard</i></a></li>
			<li class='waves-effect'><a href='#!' view='category-view' onclick="configureView(1)"><i class='material-icons'>label_outline</i></a></li>
			<li class='waves-effect'><a href='#!' view='exception-view' onclick="configureView(2)"><i class='material-icons'>bug_report</i></a></li>
			<li class='waves-effect'><a href='#!' onclick="configureView(-1);chartsView('dashboard');" view='dashboard-view'><i class='material-icons'>track_changes</i></a></li>
		</ul>
		<!-- report name -->
		<span class='report-name'>Grasshopper Report</span>
		<!-- report headline -->
		<span class='report-headline'></span>
		<!-- nav-right -->
		<ul id='nav-mobile' class='right hide-on-med-and-down nav-right'>
			<a href='#!'>
			<span class='label blue darken-3 suite-start-time'>Jul 29, 2022 05:19:03 pm</span>
			</a>
		</ul>
	</div>
</nav>		<!-- container -->
		<div class='container'>
<div id='test-view' class='view'>
	<section id='controls'>
		<div class='controls grey lighten-4'>
			<!-- test toggle -->
			<div class='chip transparent'>
				<a class='dropdown-button tests-toggle' data-activates='tests-toggle' data-constrainwidth='true' data-beloworigin='true' data-hover='true' href='#'>
				<i class='material-icons'>warning</i> Status
				</a>
				<ul id='tests-toggle' class='dropdown-content'>
										<li status='fail'><a href='#!'>Fail <i class='material-icons red-text'>cancel</i></a></li>
					<li class='divider'></li>
					<li status='clear' clear='true'><a href='#!'>Clear Filters <i class='material-icons'>clear</i></a></li>
				</ul>
			</div>
			<!-- test toggle -->
			<!-- category toggle -->
			<div class='chip transparent'>
				<a class='dropdown-button category-toggle' data-activates='category-toggle' data-constrainwidth='false' data-beloworigin='true' data-hover='true' href='#'>
				<i class='material-icons'>local_offer</i> Category
				</a>
				<ul id='category-toggle' class='dropdown-content'>
					<li><a href='#'>@datadriven</a></li>
					<li><a href='#'>@addTariff</a></li>
					<li><a href='#'>@login</a></li>
					<li class='divider'></li>
					<li class='clear'><a href='#!' clear='true'>Clear Filters</a></li>
				</ul>
			</div>
			<!-- category toggle -->
			<!-- clear filters -->
			<div class='chip transparent hide'>
				<a class='' id='clear-filters' alt='Clear Filters' title='Clear Filters'>
				<i class='material-icons'>close</i> Clear
				</a>
			</div>
			<!-- clear filters -->
			<!-- enable dashboard -->
			<div id='toggle-test-view-charts' class='chip transparent'>
				<a class='pink-text' id='enable-dashboard' alt='Enable Dashboard' title='Enable Dashboard'>
				<i class='material-icons'>track_changes</i> Dashboard
				</a>
			</div>
			<!-- enable dashboard -->
			<!-- search -->
			<div class='chip transparent' alt='Search Tests' title='Search Tests'>
				<a href="#" class='search-div'>
				<i class='material-icons'>search</i> Search
				</a>
				<div class='input-field left hide'>
					<input id='search-tests' type='text' class='validate browser-default' placeholder='Search Tests...'>
				</div>
			</div>
			<!-- search -->
		</div>
	</section>

<div id='test-view-charts' class='subview-full'>
    <div id='charts-row' class='row nm-v nm-h'>
        <div class='col s12 m4 l4 np-h'>
            <div class='card-panel nm-v'>
                <div class='left panel-name'>Features</div>
                <div class='chart-box' style="max-height:94px;">
                    <canvas id='parent-analysis' width='90' height='70'></canvas>
                </div>
                <div class='block text-small'>
                    <span class='tooltipped' data-position='top' data-tooltip='$0%'>
                    <span class='strong'>0</span> features passed</span>
                </div>
                <div class='block text-small'>
                    <span class='strong tooltipped' data-position='top' data-tooltip='100%'>
                    4</span> features failed, 
                    <span class='strong tooltipped' data-position='top' data-tooltip='0%'>
                    0</span> skipped
                </div>
            </div>
        </div>
        <div class='col s12 m4 l4 np-h'>
            <div class='card-panel nm-v'>
                <div class='left panel-name'>Scenarios</div>
                <div class='chart-box' style="max-height:94px;">
                    <canvas id='child-analysis' width='90' height='70'></canvas>
                </div>
                <div class='block text-small'>
                    <span class='tooltipped' data-position='top' data-tooltip='55%'>
                    <span class='strong'>10</span> scenarios passed</span>
                </div>
                <div class='block text-small'>
                    <span class='strong tooltipped' data-position='top' data-tooltip='44%'>
                    8</span> scenarios failed, 
                    <span class='strong tooltipped' data-position='top' data-tooltip='0%'>
                    0</span> skipped, 
                    <span class='strong tooltipped' data-position='top' data-tooltip='0%'>
                    0</span> others
                </div>
            </div>
        </div>
        <div class='col s12 m4 l4 np-h'>
            <div class='card-panel nm-v'>
                <div class='left panel-name'>Steps</div>
                <div class='chart-box' style="max-height:94px;">
                    <canvas id='grandchild-analysis' width='90' height='70'></canvas>
                </div>
                <div class='block text-small'>
                    <span class='tooltipped' data-position='top' data-tooltip='68%'>
                    <span class='strong'>72</span> steps passed</span>
                </div>
                <div class='block text-small'>
                    <span class='strong tooltipped' data-position='top' data-tooltip='8%'>
                    9</span> steps failed, 
                    <span class='strong tooltipped' data-position='top' data-tooltip='22%'>
                    24</span> skipped, 
                    <span class='strong tooltipped' data-position='top' data-tooltip='0%'>
                    0</span> others
                </div>
            </div>
        </div>
    </div>
    <div id="timeline-chart" class="row nm-v nm-h">
        <div class="col s12 m12 l12 np-h">
            <div class="card-panel">
                <div class='left panel-name'>Timeline (seconds)</div>
                <div class="chart-box" style="width:98%;max-height:145px;">
                    <canvas id="timeline" height="120"></canvas>
                </div>
            </div>
        </div>
    </div>
</div>	
	<div class='subview-left left'>
		<div class='view-summary'>
			<ul id='test-collection' class='test-collection'>
				<li class='test displayed active has-leaf fail' status='fail' bdd='true' test-id='1'>
					<div class='test-heading'>
						<span class='test-name'>Add new Customer in telecom application</span>
						<span class='test-time'>Jul 29, 2022 05:19:04 pm</span>
						<span class='test-status right fail'>Fail</span>
					</div>
					<div class='test-content hide'>
<div class="sr-filters bdd-filters">
	<a class="btn-floating waves-effect waves-light pass green" title="pass"><i class='material-icons'>check_circle</i></a>
	<a class="btn-floating waves-effect waves-light fail red" title="fail"><i class='material-icons'>cancel</i></a>
	<a class="btn-floating waves-effect waves-light skip blue" title="skip"><i class='material-icons'>redo</i></a>
	<a class="btn-floating waves-effect waves-light clear grey" title="clear"><i class='material-icons'>clear</i></a>
</div>

<div class='scenario node' test-id='4' status='fail'>

	<span class='duration right label'>00 02 19.130</span>
	<div class="bdd-test">
		<div class="scenario-name"><span class='status fail' title='Fail'><i class='material-icons'>cancel</i></span> Scenario: Add new customer</div>
	</div>
	
	
	
	<ul class='steps'>
		<li test-id='10' class='node when Pass' status='Pass'>
			<div class="step-name" title="(stepdefinitions.StepDefinitionsForCrossBrowsing.open_an_application_with_url_as(java.lang.String))"><span class='status pass' title='Pass'><i class='material-icons'>check_circle</i></span>When open an application with Url AS "https://demo.guru99.com/V4"</div>


		</li>
		<li test-id='20' class='node and Fail' status='Fail'>
			<div class="step-name" title="(stepdefinitions.StepDefinitionsForCrossBrowsing.click_on_telecom_project_link())"><span class='status fail' title='Fail'><i class='material-icons'>cancel</i></span>And click on telecom project link</div>


					<textarea disabled class="code-block">org.openqa.selenium.NoSuchElementException: no such element: Unable to locate element: {"method":"css selector","selector":"#google_ads_iframe_\/24132379\/INTERSTITIAL_DemoGuru99_0__container__"}
  (Session info: MicrosoftEdge=103.0.1264.49)
For documentation on this error, please visit: https://selenium.dev/exceptions/#no_such_element
Build info: version: '4.3.0', revision: 'a4995e2c09*'
System info: host: 'DESKTOP-5G78EO0', ip: '192.168.43.47', os.name: 'Windows 10', os.arch: 'amd64', os.version: '10.0', java.version: '17.0.2'
Driver info: org.openqa.selenium.edge.EdgeDriver
Command: [19500b19f6dfa5c9ee2c3ad96280f18f, findElement {using=id, value=google_ads_iframe_/24132379/INTERSTITIAL_DemoGuru99_0__container__}]
Capabilities {acceptInsecureCerts: false, browserName: msedge, browserVersion: 103.0.1264.49, ms:edgeOptions: {debuggerAddress: localhost:63889}, msedge: {msedgedriverVersion: 103.0.1264.49 (abaa9303c229..., userDataDir: C:\Users\Dell\AppData\Local...}, networkConnectionEnabled: false, pageLoadStrategy: normal, platformName: WINDOWS, proxy: Proxy(), se:cdp: ws://localhost:63889/devtoo..., se:cdpVersion: 103.0.1264.49, setWindowRect: true, strictFileInteractability: false, timeouts: {implicit: 0, pageLoad: 300000, script: 30000}, unhandledPromptBehavior: dismiss and notify, webauthn:extension:credBlob: true, webauthn:extension:largeBlob: true, webauthn:virtualAuthenticators: true}
Session ID: 19500b19f6dfa5c9ee2c3ad96280f18f
	at java.base/jdk.internal.reflect.NativeConstructorAccessorImpl.newInstance0(Native Method)
	at java.base/jdk.internal.reflect.NativeConstructorAccessorImpl.newInstance(NativeConstructorAccessorImpl.java:77)
	at java.base/jdk.internal.reflect.DelegatingConstructorAccessorImpl.newInstance(DelegatingConstructorAccessorImpl.java:45)
	at java.base/java.lang.reflect.Constructor.newInstanceWithCaller(Constructor.java:499)
	at java.base/java.lang.reflect.Constructor.newInstance(Constructor.java:480)
	at org.openqa.selenium.remote.codec.w3c.W3CHttpResponseCodec.createException(W3CHttpResponseCodec.java:200)
	at org.openqa.selenium.remote.codec.w3c.W3CHttpResponseCodec.decode(W3CHttpResponseCodec.java:133)
	at org.openqa.selenium.remote.codec.w3c.W3CHttpResponseCodec.decode(W3CHttpResponseCodec.java:53)
	at org.openqa.selenium.remote.HttpCommandExecutor.execute(HttpCommandExecutor.java:184)
	at org.openqa.selenium.remote.service.DriverCommandExecutor.invokeExecute(DriverCommandExecutor.java:167)
	at org.openqa.selenium.remote.service.DriverCommandExecutor.execute(DriverCommandExecutor.java:142)
	at org.openqa.selenium.remote.RemoteWebDriver.execute(RemoteWebDriver.java:569)
	at org.openqa.selenium.remote.ElementLocation$ElementFinder$2.findElement(ElementLocation.java:162)
	at org.openqa.selenium.remote.ElementLocation.findElement(ElementLocation.java:60)
	at org.openqa.selenium.remote.RemoteWebDriver.findElement(RemoteWebDriver.java:387)
	at org.openqa.selenium.remote.RemoteWebDriver.findElement(RemoteWebDriver.java:379)
	at PageObjectModel.HomePage.removeAdd(HomePage.java:52)
	at stepdefinitions.StepDefinitionsForCrossBrowsing.click_on_telecom_project_link(StepDefinitionsForCrossBrowsing.java:133)
	at ?.click on telecom project link(file:///D:/workspace/Practice/src/test/resources/parallel/CreateNewCustomer.feature:7)
</textarea>
		</li>
		<li test-id='32' class='node when Skip' status='Skip'>
			<div class="step-name" title="(stepdefinitions.StepDefinitionsForCrossBrowsing.i_click_on_add_customer())"><span class='status skip' title='Skip'><i class='material-icons'>redo</i></span>When i click on add customer</div>


					<div class="node-step">Step skipped</div>
		</li>
		<li test-id='33' class='node then Skip' status='Skip'>
			<div class="step-name" title="(stepdefinitions.StepDefinitionsForCrossBrowsing.i_entr_all_details_in_application())"><span class='status skip' title='Skip'><i class='material-icons'>redo</i></span>Then i entr all details in application</div>


					<div class="node-step">Step skipped</div>
		</li>
		<li test-id='34' class='node and Skip' status='Skip'>
			<div class="step-name" title="(stepdefinitions.StepDefinitionsForCrossBrowsing.click_on_submit_button())"><span class='status skip' title='Skip'><i class='material-icons'>redo</i></span>And click on submit button</div>


					<div class="node-step">Step skipped</div>
		</li>
		<li test-id='35' class='node then Skip' status='Skip'>
			<div class="step-name" title="(stepdefinitions.StepDefinitionsForCrossBrowsing.i_should_see_one_message_as(java.lang.String))"><span class='status skip' title='Skip'><i class='material-icons'>redo</i></span>Then i should see one message as "Access Details to Guru99 Telecom"</div>


					<div class="node-step">Step skipped</div>
		</li>
		<li test-id='36' class='node * Pass' status='Pass'>
			<div class="step-name" title="(AFTER)"><span class='status pass' title='Pass'><i class='material-icons'>check_circle</i></span>stepdefinitions.StepDefinitionsForCrossBrowsing.getScreenShot(io.cucumber.java.Scenario)</div>


					<div class="node-step">Add new customer</div>
					<div class='screenshots'>
						<img width='80' height='40' onerror='this.style.display="none"' data-featherlight='../embedded3.png' src='../embedded3.png'>
					</div>
		</li>
	</ul>
</div>
					</div>
				</li>
				<li class='test displayed active has-leaf fail' status='fail' bdd='true' test-id='3'>
					<div class='test-heading'>
						<span class='test-name'>Add new Customer in telecom application</span>
						<span class='test-time'>Jul 29, 2022 05:19:04 pm</span>
						<span class='test-status right fail'>Fail</span>
					</div>
					<div class='test-content hide'>
<div class="sr-filters bdd-filters">
	<a class="btn-floating waves-effect waves-light pass green" title="pass"><i class='material-icons'>check_circle</i></a>
	<a class="btn-floating waves-effect waves-light fail red" title="fail"><i class='material-icons'>cancel</i></a>
	<a class="btn-floating waves-effect waves-light skip blue" title="skip"><i class='material-icons'>redo</i></a>
	<a class="btn-floating waves-effect waves-light clear grey" title="clear"><i class='material-icons'>clear</i></a>
</div>

<div class='scenario node' test-id='5' status='fail'>

	<span class='duration right label'>00 01 12.966</span>
	<div class="bdd-test">
		<div class="scenario-name"><span class='status fail' title='Fail'><i class='material-icons'>cancel</i></span> Scenario: Add new customer</div>
	</div>
	
	
	
	<ul class='steps'>
		<li test-id='12' class='node when Pass' status='Pass'>
			<div class="step-name" title="(stepdefinitions.StepDefinitionsForCrossBrowsing.open_an_application_with_url_as(java.lang.String))"><span class='status pass' title='Pass'><i class='material-icons'>check_circle</i></span>When open an application with Url AS "https://demo.guru99.com/V4"</div>


		</li>
		<li test-id='19' class='node and Fail' status='Fail'>
			<div class="step-name" title="(stepdefinitions.StepDefinitionsForCrossBrowsing.click_on_telecom_project_link())"><span class='status fail' title='Fail'><i class='material-icons'>cancel</i></span>And click on telecom project link</div>


					<textarea disabled class="code-block">org.openqa.selenium.NoSuchElementException: Unable to locate element: #google_ads_iframe_\/24132379\/INTERSTITIAL_DemoGuru99_0__container__
For documentation on this error, please visit: https://selenium.dev/exceptions/#no_such_element
Build info: version: '4.3.0', revision: 'a4995e2c09*'
System info: host: 'DESKTOP-5G78EO0', ip: '192.168.43.47', os.name: 'Windows 10', os.arch: 'amd64', os.version: '10.0', java.version: '17.0.2'
Driver info: org.openqa.selenium.firefox.FirefoxDriver
Command: [e7862f6a-3263-4ab5-a4d8-09674f360697, findElement {using=id, value=google_ads_iframe_/24132379/INTERSTITIAL_DemoGuru99_0__container__}]
Capabilities {acceptInsecureCerts: true, browserName: firefox, browserVersion: 103.0, moz:accessibilityChecks: false, moz:buildID: 20220718155818, moz:debuggerAddress: localhost:56446, moz:geckodriverVersion: 0.31.0, moz:headless: false, moz:platformVersion: 10.0, moz:processID: 4872, moz:profile: C:\Users\Dell\AppData\Local..., moz:shutdownTimeout: 60000, moz:useNonSpecCompliantPointerOrigin: false, moz:webdriverClick: true, moz:windowless: false, pageLoadStrategy: normal, platformName: WINDOWS, proxy: Proxy(), se:cdp: ws://localhost:56446/devtoo..., se:cdpVersion: 85.0, setWindowRect: true, strictFileInteractability: false, timeouts: {implicit: 0, pageLoad: 300000, script: 30000}, unhandledPromptBehavior: dismiss and notify}
Session ID: e7862f6a-3263-4ab5-a4d8-09674f360697
	at java.base/jdk.internal.reflect.NativeConstructorAccessorImpl.newInstance0(Native Method)
	at java.base/jdk.internal.reflect.NativeConstructorAccessorImpl.newInstance(NativeConstructorAccessorImpl.java:77)
	at java.base/jdk.internal.reflect.DelegatingConstructorAccessorImpl.newInstance(DelegatingConstructorAccessorImpl.java:45)
	at java.base/java.lang.reflect.Constructor.newInstanceWithCaller(Constructor.java:499)
	at java.base/java.lang.reflect.Constructor.newInstance(Constructor.java:480)
	at org.openqa.selenium.remote.codec.w3c.W3CHttpResponseCodec.createException(W3CHttpResponseCodec.java:200)
	at org.openqa.selenium.remote.codec.w3c.W3CHttpResponseCodec.decode(W3CHttpResponseCodec.java:133)
	at org.openqa.selenium.remote.codec.w3c.W3CHttpResponseCodec.decode(W3CHttpResponseCodec.java:53)
	at org.openqa.selenium.remote.HttpCommandExecutor.execute(HttpCommandExecutor.java:184)
	at org.openqa.selenium.remote.service.DriverCommandExecutor.invokeExecute(DriverCommandExecutor.java:167)
	at org.openqa.selenium.remote.service.DriverCommandExecutor.execute(DriverCommandExecutor.java:142)
	at org.openqa.selenium.remote.RemoteWebDriver.execute(RemoteWebDriver.java:569)
	at org.openqa.selenium.remote.ElementLocation$ElementFinder$2.findElement(ElementLocation.java:162)
	at org.openqa.selenium.remote.ElementLocation.findElement(ElementLocation.java:60)
	at org.openqa.selenium.remote.RemoteWebDriver.findElement(RemoteWebDriver.java:387)
	at org.openqa.selenium.remote.RemoteWebDriver.findElement(RemoteWebDriver.java:379)
	at PageObjectModel.HomePage.removeAdd(HomePage.java:52)
	at stepdefinitions.StepDefinitionsForCrossBrowsing.click_on_telecom_project_link(StepDefinitionsForCrossBrowsing.java:133)
	at ?.click on telecom project link(file:///D:/workspace/Practice/src/test/resources/parallel/CreateNewCustomer.feature:7)
</textarea>
		</li>
		<li test-id='21' class='node when Skip' status='Skip'>
			<div class="step-name" title="(stepdefinitions.StepDefinitionsForCrossBrowsing.i_click_on_add_customer())"><span class='status skip' title='Skip'><i class='material-icons'>redo</i></span>When i click on add customer</div>


					<div class="node-step">Step skipped</div>
		</li>
		<li test-id='22' class='node then Skip' status='Skip'>
			<div class="step-name" title="(stepdefinitions.StepDefinitionsForCrossBrowsing.i_entr_all_details_in_application())"><span class='status skip' title='Skip'><i class='material-icons'>redo</i></span>Then i entr all details in application</div>


					<div class="node-step">Step skipped</div>
		</li>
		<li test-id='23' class='node and Skip' status='Skip'>
			<div class="step-name" title="(stepdefinitions.StepDefinitionsForCrossBrowsing.click_on_submit_button())"><span class='status skip' title='Skip'><i class='material-icons'>redo</i></span>And click on submit button</div>


					<div class="node-step">Step skipped</div>
		</li>
		<li test-id='24' class='node then Skip' status='Skip'>
			<div class="step-name" title="(stepdefinitions.StepDefinitionsForCrossBrowsing.i_should_see_one_message_as(java.lang.String))"><span class='status skip' title='Skip'><i class='material-icons'>redo</i></span>Then i should see one message as "Access Details to Guru99 Telecom"</div>


					<div class="node-step">Step skipped</div>
		</li>
		<li test-id='25' class='node * Pass' status='Pass'>
			<div class="step-name" title="(AFTER)"><span class='status pass' title='Pass'><i class='material-icons'>check_circle</i></span>stepdefinitions.StepDefinitionsForCrossBrowsing.getScreenShot(io.cucumber.java.Scenario)</div>


					<div class="node-step">Add new customer</div>
					<div class='screenshots'>
						<img width='80' height='40' onerror='this.style.display="none"' data-featherlight='../embedded1.png' src='../embedded1.png'>
					</div>
		</li>
	</ul>
</div>
<div class='scenario node' test-id='26' status='pass'>

	<span class='duration right label'>00 02 11.380</span>
	<div class="bdd-test">
		<div class="scenario-name"><span class='status pass' title='Pass'><i class='material-icons'>check_circle</i></span> Scenario: Add tariff</div>
	</div>
	
	
		<div class='category-list'>
				<span class='category label'>@addTariff</span>
		</div>
	
	<ul class='steps'>
		<li test-id='28' class='node when Pass' status='Pass'>
			<div class="step-name" title="(stepdefinitions.StepDefinitionsForCrossBrowsing.open_an_application_with_url_as(java.lang.String))"><span class='status pass' title='Pass'><i class='material-icons'>check_circle</i></span>When open an application with Url AS "https://demo.guru99.com/V4"</div>


		</li>
		<li test-id='40' class='node and Pass' status='Pass'>
			<div class="step-name" title="(stepdefinitions.StepDefinitionsForCrossBrowsing.click_on_telecom_project_link())"><span class='status pass' title='Pass'><i class='material-icons'>check_circle</i></span>And click on telecom project link</div>


		</li>
		<li test-id='41' class='node when Pass' status='Pass'>
			<div class="step-name" title="(stepdefinitions.StepDefinitionsForCrossBrowsing.i_click_on_add_tariff_plan())"><span class='status pass' title='Pass'><i class='material-icons'>check_circle</i></span>When i click on add tariff plan</div>


		</li>
		<li test-id='42' class='node then Pass' status='Pass'>
			<div class="step-name" title="(stepdefinitions.StepDefinitionsForCrossBrowsing.i_entr_all_details_in_add_tariff_plan())"><span class='status pass' title='Pass'><i class='material-icons'>check_circle</i></span>Then i entr all details in add tariff plan</div>


		</li>
		<li test-id='43' class='node and Pass' status='Pass'>
			<div class="step-name" title="(stepdefinitions.StepDefinitionsForCrossBrowsing.click_on_submit_button_of_tariff_plan())"><span class='status pass' title='Pass'><i class='material-icons'>check_circle</i></span>And click on submit button of tariff plan</div>


		</li>
		<li test-id='45' class='node then Pass' status='Pass'>
			<div class="step-name" title="(stepdefinitions.StepDefinitionsForCrossBrowsing.i_should_see_one_message_as(java.lang.String))"><span class='status pass' title='Pass'><i class='material-icons'>check_circle</i></span>Then i should see one message as "Congratulation you add Tariff Plan"</div>


		</li>
	</ul>
</div>
<div class='scenario node' test-id='29' status='fail'>

	<span class='duration right label'>00 01 33.393</span>
	<div class="bdd-test">
		<div class="scenario-name"><span class='status fail' title='Fail'><i class='material-icons'>cancel</i></span> Scenario: Add tariff</div>
	</div>
	
	
		<div class='category-list'>
				<span class='category label'>@addTariff</span>
		</div>
	
	<ul class='steps'>
		<li test-id='31' class='node when Pass' status='Pass'>
			<div class="step-name" title="(stepdefinitions.StepDefinitionsForCrossBrowsing.open_an_application_with_url_as(java.lang.String))"><span class='status pass' title='Pass'><i class='material-icons'>check_circle</i></span>When open an application with Url AS "https://demo.guru99.com/V4"</div>


		</li>
		<li test-id='44' class='node and Pass' status='Pass'>
			<div class="step-name" title="(stepdefinitions.StepDefinitionsForCrossBrowsing.click_on_telecom_project_link())"><span class='status pass' title='Pass'><i class='material-icons'>check_circle</i></span>And click on telecom project link</div>


		</li>
		<li test-id='47' class='node when Fail' status='Fail'>
			<div class="step-name" title="(stepdefinitions.StepDefinitionsForCrossBrowsing.i_click_on_add_tariff_plan())"><span class='status fail' title='Fail'><i class='material-icons'>cancel</i></span>When i click on add tariff plan</div>


					<textarea disabled class="code-block">org.openqa.selenium.WebDriverException: unknown error: cannot determine loading status
from unknown error: unexpected command response
  (Session info: chrome=103.0.5060.53)
Build info: version: '4.3.0', revision: 'a4995e2c09*'
System info: host: 'DESKTOP-5G78EO0', ip: '192.168.43.47', os.name: 'Windows 10', os.arch: 'amd64', os.version: '10.0', java.version: '17.0.2'
Driver info: org.openqa.selenium.chrome.ChromeDriver
Command: [f6276fff58eb8cfd5510116f2117bd3f, clickElement {id=2dbf6f07-733d-48e3-b011-fda9e11f7c50}]
Capabilities {acceptInsecureCerts: false, browserName: chrome, browserVersion: 103.0.5060.53, chrome: {chromedriverVersion: 103.0.5060.53 (a1711811edd7..., userDataDir: C:\Users\Dell\AppData\Local...}, goog:chromeOptions: {debuggerAddress: localhost:64543}, networkConnectionEnabled: false, pageLoadStrategy: normal, platformName: WINDOWS, proxy: Proxy(), se:cdp: ws://localhost:64543/devtoo..., se:cdpVersion: 103.0.5060.53, setWindowRect: true, strictFileInteractability: false, timeouts: {implicit: 0, pageLoad: 300000, script: 30000}, unhandledPromptBehavior: dismiss and notify, webauthn:extension:credBlob: true, webauthn:extension:largeBlob: true, webauthn:virtualAuthenticators: true}
Element: [[ChromeDriver: chrome on WINDOWS (f6276fff58eb8cfd5510116f2117bd3f)] -> link text: Add Tariff Plan]
Session ID: f6276fff58eb8cfd5510116f2117bd3f
	at java.base/jdk.internal.reflect.NativeConstructorAccessorImpl.newInstance0(Native Method)
	at java.base/jdk.internal.reflect.NativeConstructorAccessorImpl.newInstance(NativeConstructorAccessorImpl.java:77)
	at java.base/jdk.internal.reflect.DelegatingConstructorAccessorImpl.newInstance(DelegatingConstructorAccessorImpl.java:45)
	at java.base/java.lang.reflect.Constructor.newInstanceWithCaller(Constructor.java:499)
	at java.base/java.lang.reflect.Constructor.newInstance(Constructor.java:480)
	at org.openqa.selenium.remote.codec.w3c.W3CHttpResponseCodec.createException(W3CHttpResponseCodec.java:200)
	at org.openqa.selenium.remote.codec.w3c.W3CHttpResponseCodec.decode(W3CHttpResponseCodec.java:133)
	at org.openqa.selenium.remote.codec.w3c.W3CHttpResponseCodec.decode(W3CHttpResponseCodec.java:53)
	at org.openqa.selenium.remote.HttpCommandExecutor.execute(HttpCommandExecutor.java:184)
	at org.openqa.selenium.remote.service.DriverCommandExecutor.invokeExecute(DriverCommandExecutor.java:167)
	at org.openqa.selenium.remote.service.DriverCommandExecutor.execute(DriverCommandExecutor.java:142)
	at org.openqa.selenium.remote.RemoteWebDriver.execute(RemoteWebDriver.java:569)
	at org.openqa.selenium.remote.RemoteWebElement.execute(RemoteWebElement.java:257)
	at org.openqa.selenium.remote.RemoteWebElement.click(RemoteWebElement.java:78)
	at java.base/jdk.internal.reflect.NativeMethodAccessorImpl.invoke0(Native Method)
	at java.base/jdk.internal.reflect.NativeMethodAccessorImpl.invoke(NativeMethodAccessorImpl.java:77)
	at java.base/jdk.internal.reflect.DelegatingMethodAccessorImpl.invoke(DelegatingMethodAccessorImpl.java:43)
	at java.base/java.lang.reflect.Method.invoke(Method.java:568)
	at org.openqa.selenium.support.pagefactory.internal.LocatingElementHandler.invoke(LocatingElementHandler.java:52)
	at jdk.proxy2/jdk.proxy2.$Proxy33.click(Unknown Source)
	at PageObjectModel.Navigate_To_TariffPage.clickONAddTeriff(Navigate_To_TariffPage.java:23)
	at stepdefinitions.StepDefinitionsForCrossBrowsing.i_click_on_add_tariff_plan(StepDefinitionsForCrossBrowsing.java:178)
	at ?.i click on add tariff plan(file:///D:/workspace/Practice/src/test/resources/parallel/CreateNewCustomer.feature:18)
</textarea>
		</li>
		<li test-id='51' class='node then Skip' status='Skip'>
			<div class="step-name" title="(stepdefinitions.StepDefinitionsForCrossBrowsing.i_entr_all_details_in_add_tariff_plan())"><span class='status skip' title='Skip'><i class='material-icons'>redo</i></span>Then i entr all details in add tariff plan</div>


					<div class="node-step">Step skipped</div>
		</li>
		<li test-id='52' class='node and Skip' status='Skip'>
			<div class="step-name" title="(stepdefinitions.StepDefinitionsForCrossBrowsing.click_on_submit_button_of_tariff_plan())"><span class='status skip' title='Skip'><i class='material-icons'>redo</i></span>And click on submit button of tariff plan</div>


					<div class="node-step">Step skipped</div>
		</li>
		<li test-id='53' class='node then Skip' status='Skip'>
			<div class="step-name" title="(stepdefinitions.StepDefinitionsForCrossBrowsing.i_should_see_one_message_as(java.lang.String))"><span class='status skip' title='Skip'><i class='material-icons'>redo</i></span>Then i should see one message as "Congratulation you add Tariff Plan"</div>


					<div class="node-step">Step skipped</div>
		</li>
		<li test-id='54' class='node * Pass' status='Pass'>
			<div class="step-name" title="(AFTER)"><span class='status pass' title='Pass'><i class='material-icons'>check_circle</i></span>stepdefinitions.StepDefinitionsForCrossBrowsing.getScreenShot(io.cucumber.java.Scenario)</div>


					<div class="node-step">Add tariff</div>
					<div class='screenshots'>
						<img width='80' height='40' onerror='this.style.display="none"' data-featherlight='../embedded4.png' src='../embedded4.png'>
					</div>
		</li>
	</ul>
</div>
<div class='scenario node' test-id='37' status='fail'>

	<span class='duration right label'>00 01 21.130</span>
	<div class="bdd-test">
		<div class="scenario-name"><span class='status fail' title='Fail'><i class='material-icons'>cancel</i></span> Scenario: Add tariff</div>
	</div>
	
	
		<div class='category-list'>
				<span class='category label'>@addTariff</span>
		</div>
	
	<ul class='steps'>
		<li test-id='39' class='node when Pass' status='Pass'>
			<div class="step-name" title="(stepdefinitions.StepDefinitionsForCrossBrowsing.open_an_application_with_url_as(java.lang.String))"><span class='status pass' title='Pass'><i class='material-icons'>check_circle</i></span>When open an application with Url AS "https://demo.guru99.com/V4"</div>


		</li>
		<li test-id='59' class='node and Fail' status='Fail'>
			<div class="step-name" title="(stepdefinitions.StepDefinitionsForCrossBrowsing.click_on_telecom_project_link())"><span class='status fail' title='Fail'><i class='material-icons'>cancel</i></span>And click on telecom project link</div>


					<textarea disabled class="code-block">org.openqa.selenium.NoSuchElementException: no such element: Unable to locate element: {"method":"css selector","selector":"#google_ads_iframe_\/24132379\/INTERSTITIAL_DemoGuru99_0__container__"}
  (Session info: MicrosoftEdge=103.0.1264.49)
For documentation on this error, please visit: https://selenium.dev/exceptions/#no_such_element
Build info: version: '4.3.0', revision: 'a4995e2c09*'
System info: host: 'DESKTOP-5G78EO0', ip: '192.168.43.47', os.name: 'Windows 10', os.arch: 'amd64', os.version: '10.0', java.version: '17.0.2'
Driver info: org.openqa.selenium.edge.EdgeDriver
Command: [ab99503bae3c3cffc35ec3957cd9fa3d, findElement {using=id, value=google_ads_iframe_/24132379/INTERSTITIAL_DemoGuru99_0__container__}]
Capabilities {acceptInsecureCerts: false, browserName: msedge, browserVersion: 103.0.1264.49, ms:edgeOptions: {debuggerAddress: localhost:64696}, msedge: {msedgedriverVersion: 103.0.1264.49 (abaa9303c229..., userDataDir: C:\Users\Dell\AppData\Local...}, networkConnectionEnabled: false, pageLoadStrategy: normal, platformName: WINDOWS, proxy: Proxy(), se:cdp: ws://localhost:64696/devtoo..., se:cdpVersion: 103.0.1264.49, setWindowRect: true, strictFileInteractability: false, timeouts: {implicit: 0, pageLoad: 300000, script: 30000}, unhandledPromptBehavior: dismiss and notify, webauthn:extension:credBlob: true, webauthn:extension:largeBlob: true, webauthn:virtualAuthenticators: true}
Session ID: ab99503bae3c3cffc35ec3957cd9fa3d
	at java.base/jdk.internal.reflect.NativeConstructorAccessorImpl.newInstance0(Native Method)
	at java.base/jdk.internal.reflect.NativeConstructorAccessorImpl.newInstance(NativeConstructorAccessorImpl.java:77)
	at java.base/jdk.internal.reflect.DelegatingConstructorAccessorImpl.newInstance(DelegatingConstructorAccessorImpl.java:45)
	at java.base/java.lang.reflect.Constructor.newInstanceWithCaller(Constructor.java:499)
	at java.base/java.lang.reflect.Constructor.newInstance(Constructor.java:480)
	at org.openqa.selenium.remote.codec.w3c.W3CHttpResponseCodec.createException(W3CHttpResponseCodec.java:200)
	at org.openqa.selenium.remote.codec.w3c.W3CHttpResponseCodec.decode(W3CHttpResponseCodec.java:133)
	at org.openqa.selenium.remote.codec.w3c.W3CHttpResponseCodec.decode(W3CHttpResponseCodec.java:53)
	at org.openqa.selenium.remote.HttpCommandExecutor.execute(HttpCommandExecutor.java:184)
	at org.openqa.selenium.remote.service.DriverCommandExecutor.invokeExecute(DriverCommandExecutor.java:167)
	at org.openqa.selenium.remote.service.DriverCommandExecutor.execute(DriverCommandExecutor.java:142)
	at org.openqa.selenium.remote.RemoteWebDriver.execute(RemoteWebDriver.java:569)
	at org.openqa.selenium.remote.ElementLocation$ElementFinder$2.findElement(ElementLocation.java:162)
	at org.openqa.selenium.remote.ElementLocation.findElement(ElementLocation.java:60)
	at org.openqa.selenium.remote.RemoteWebDriver.findElement(RemoteWebDriver.java:387)
	at org.openqa.selenium.remote.RemoteWebDriver.findElement(RemoteWebDriver.java:379)
	at PageObjectModel.HomePage.removeAdd(HomePage.java:52)
	at stepdefinitions.StepDefinitionsForCrossBrowsing.click_on_telecom_project_link(StepDefinitionsForCrossBrowsing.java:133)
	at ?.click on telecom project link(file:///D:/workspace/Practice/src/test/resources/parallel/CreateNewCustomer.feature:17)
</textarea>
		</li>
		<li test-id='60' class='node when Skip' status='Skip'>
			<div class="step-name" title="(stepdefinitions.StepDefinitionsForCrossBrowsing.i_click_on_add_tariff_plan())"><span class='status skip' title='Skip'><i class='material-icons'>redo</i></span>When i click on add tariff plan</div>


					<div class="node-step">Step skipped</div>
		</li>
		<li test-id='61' class='node then Skip' status='Skip'>
			<div class="step-name" title="(stepdefinitions.StepDefinitionsForCrossBrowsing.i_entr_all_details_in_add_tariff_plan())"><span class='status skip' title='Skip'><i class='material-icons'>redo</i></span>Then i entr all details in add tariff plan</div>


					<div class="node-step">Step skipped</div>
		</li>
		<li test-id='62' class='node and Skip' status='Skip'>
			<div class="step-name" title="(stepdefinitions.StepDefinitionsForCrossBrowsing.click_on_submit_button_of_tariff_plan())"><span class='status skip' title='Skip'><i class='material-icons'>redo</i></span>And click on submit button of tariff plan</div>


					<div class="node-step">Step skipped</div>
		</li>
		<li test-id='63' class='node then Skip' status='Skip'>
			<div class="step-name" title="(stepdefinitions.StepDefinitionsForCrossBrowsing.i_should_see_one_message_as(java.lang.String))"><span class='status skip' title='Skip'><i class='material-icons'>redo</i></span>Then i should see one message as "Congratulation you add Tariff Plan"</div>


					<div class="node-step">Step skipped</div>
		</li>
		<li test-id='64' class='node * Pass' status='Pass'>
			<div class="step-name" title="(AFTER)"><span class='status pass' title='Pass'><i class='material-icons'>check_circle</i></span>stepdefinitions.StepDefinitionsForCrossBrowsing.getScreenShot(io.cucumber.java.Scenario)</div>


					<div class="node-step">Add tariff</div>
					<div class='screenshots'>
						<img width='80' height='40' onerror='this.style.display="none"' data-featherlight='../embedded5.png' src='../embedded5.png'>
					</div>
		</li>
	</ul>
</div>
					</div>
				</li>
				<li class='test displayed active has-leaf fail' status='fail' bdd='true' test-id='2'>
					<div class='test-heading'>
						<span class='test-name'>Add new Customer in telecom application</span>
						<span class='test-time'>Jul 29, 2022 05:19:04 pm</span>
						<span class='test-status right fail'>Fail</span>
					</div>
					<div class='test-content hide'>
<div class="sr-filters bdd-filters">
	<a class="btn-floating waves-effect waves-light pass green" title="pass"><i class='material-icons'>check_circle</i></a>
	<a class="btn-floating waves-effect waves-light fail red" title="fail"><i class='material-icons'>cancel</i></a>
	<a class="btn-floating waves-effect waves-light skip blue" title="skip"><i class='material-icons'>redo</i></a>
	<a class="btn-floating waves-effect waves-light clear grey" title="clear"><i class='material-icons'>clear</i></a>
</div>

<div class='scenario node' test-id='6' status='fail'>

	<span class='duration right label'>00 01 54.390</span>
	<div class="bdd-test">
		<div class="scenario-name"><span class='status fail' title='Fail'><i class='material-icons'>cancel</i></span> Scenario: Add new customer</div>
	</div>
	
	
	
	<ul class='steps'>
		<li test-id='11' class='node when Pass' status='Pass'>
			<div class="step-name" title="(stepdefinitions.StepDefinitionsForCrossBrowsing.open_an_application_with_url_as(java.lang.String))"><span class='status pass' title='Pass'><i class='material-icons'>check_circle</i></span>When open an application with Url AS "https://demo.guru99.com/V4"</div>


		</li>
		<li test-id='13' class='node and Fail' status='Fail'>
			<div class="step-name" title="(stepdefinitions.StepDefinitionsForCrossBrowsing.click_on_telecom_project_link())"><span class='status fail' title='Fail'><i class='material-icons'>cancel</i></span>And click on telecom project link</div>


					<textarea disabled class="code-block">org.openqa.selenium.WebDriverException: unknown error: cannot determine loading status
from unknown error: unexpected command response
  (Session info: chrome=103.0.5060.53)
Build info: version: '4.3.0', revision: 'a4995e2c09*'
System info: host: 'DESKTOP-5G78EO0', ip: '192.168.43.47', os.name: 'Windows 10', os.arch: 'amd64', os.version: '10.0', java.version: '17.0.2'
Driver info: org.openqa.selenium.chrome.ChromeDriver
Command: [d12909b0ae68224a802421aff274f040, clickElement {id=8895c1f2-0da6-4302-ad3b-675fa1086859}]
Capabilities {acceptInsecureCerts: false, browserName: chrome, browserVersion: 103.0.5060.53, chrome: {chromedriverVersion: 103.0.5060.53 (a1711811edd7..., userDataDir: C:\Users\Dell\AppData\Local...}, goog:chromeOptions: {debuggerAddress: localhost:63890}, networkConnectionEnabled: false, pageLoadStrategy: normal, platformName: WINDOWS, proxy: Proxy(), se:cdp: ws://localhost:63890/devtoo..., se:cdpVersion: 103.0.5060.53, setWindowRect: true, strictFileInteractability: false, timeouts: {implicit: 0, pageLoad: 300000, script: 30000}, unhandledPromptBehavior: dismiss and notify, webauthn:extension:credBlob: true, webauthn:extension:largeBlob: true, webauthn:virtualAuthenticators: true}
Element: [[ChromeDriver: chrome on WINDOWS (d12909b0ae68224a802421aff274f040)] -> link text: Telecom Project]
Session ID: d12909b0ae68224a802421aff274f040
	at java.base/jdk.internal.reflect.NativeConstructorAccessorImpl.newInstance0(Native Method)
	at java.base/jdk.internal.reflect.NativeConstructorAccessorImpl.newInstance(NativeConstructorAccessorImpl.java:77)
	at java.base/jdk.internal.reflect.DelegatingConstructorAccessorImpl.newInstance(DelegatingConstructorAccessorImpl.java:45)
	at java.base/java.lang.reflect.Constructor.newInstanceWithCaller(Constructor.java:499)
	at java.base/java.lang.reflect.Constructor.newInstance(Constructor.java:480)
	at org.openqa.selenium.remote.codec.w3c.W3CHttpResponseCodec.createException(W3CHttpResponseCodec.java:200)
	at org.openqa.selenium.remote.codec.w3c.W3CHttpResponseCodec.decode(W3CHttpResponseCodec.java:133)
	at org.openqa.selenium.remote.codec.w3c.W3CHttpResponseCodec.decode(W3CHttpResponseCodec.java:53)
	at org.openqa.selenium.remote.HttpCommandExecutor.execute(HttpCommandExecutor.java:184)
	at org.openqa.selenium.remote.service.DriverCommandExecutor.invokeExecute(DriverCommandExecutor.java:167)
	at org.openqa.selenium.remote.service.DriverCommandExecutor.execute(DriverCommandExecutor.java:142)
	at org.openqa.selenium.remote.RemoteWebDriver.execute(RemoteWebDriver.java:569)
	at org.openqa.selenium.remote.RemoteWebElement.execute(RemoteWebElement.java:257)
	at org.openqa.selenium.remote.RemoteWebElement.click(RemoteWebElement.java:78)
	at java.base/jdk.internal.reflect.NativeMethodAccessorImpl.invoke0(Native Method)
	at java.base/jdk.internal.reflect.NativeMethodAccessorImpl.invoke(NativeMethodAccessorImpl.java:77)
	at java.base/jdk.internal.reflect.DelegatingMethodAccessorImpl.invoke(DelegatingMethodAccessorImpl.java:43)
	at java.base/java.lang.reflect.Method.invoke(Method.java:568)
	at org.openqa.selenium.support.pagefactory.internal.LocatingElementHandler.invoke(LocatingElementHandler.java:52)
	at jdk.proxy2/jdk.proxy2.$Proxy33.click(Unknown Source)
	at stepdefinitions.StepDefinitionsForCrossBrowsing.click_on_telecom_project_link(StepDefinitionsForCrossBrowsing.java:131)
	at ?.click on telecom project link(file:///D:/workspace/Practice/src/test/resources/parallel/CreateNewCustomer.feature:7)
</textarea>
		</li>
		<li test-id='14' class='node when Skip' status='Skip'>
			<div class="step-name" title="(stepdefinitions.StepDefinitionsForCrossBrowsing.i_click_on_add_customer())"><span class='status skip' title='Skip'><i class='material-icons'>redo</i></span>When i click on add customer</div>


					<div class="node-step">Step skipped</div>
		</li>
		<li test-id='15' class='node then Skip' status='Skip'>
			<div class="step-name" title="(stepdefinitions.StepDefinitionsForCrossBrowsing.i_entr_all_details_in_application())"><span class='status skip' title='Skip'><i class='material-icons'>redo</i></span>Then i entr all details in application</div>


					<div class="node-step">Step skipped</div>
		</li>
		<li test-id='16' class='node and Skip' status='Skip'>
			<div class="step-name" title="(stepdefinitions.StepDefinitionsForCrossBrowsing.click_on_submit_button())"><span class='status skip' title='Skip'><i class='material-icons'>redo</i></span>And click on submit button</div>


					<div class="node-step">Step skipped</div>
		</li>
		<li test-id='17' class='node then Skip' status='Skip'>
			<div class="step-name" title="(stepdefinitions.StepDefinitionsForCrossBrowsing.i_should_see_one_message_as(java.lang.String))"><span class='status skip' title='Skip'><i class='material-icons'>redo</i></span>Then i should see one message as "Access Details to Guru99 Telecom"</div>


					<div class="node-step">Step skipped</div>
		</li>
		<li test-id='18' class='node * Pass' status='Pass'>
			<div class="step-name" title="(AFTER)"><span class='status pass' title='Pass'><i class='material-icons'>check_circle</i></span>stepdefinitions.StepDefinitionsForCrossBrowsing.getScreenShot(io.cucumber.java.Scenario)</div>


					<div class="node-step">Add new customer</div>
					<div class='screenshots'>
						<img width='80' height='40' onerror='this.style.display="none"' data-featherlight='../embedded2.png' src='../embedded2.png'>
					</div>
		</li>
	</ul>
</div>
					</div>
				</li>
				<li class='test displayed active has-leaf fail' status='fail' bdd='true' test-id='48'>
					<div class='test-heading'>
						<span class='test-name'>login</span>
						<span class='test-time'>Jul 29, 2022 05:22:29 pm</span>
						<span class='test-status right fail'>Fail</span>
					</div>
					<div class='test-content hide'>
<div class="sr-filters bdd-filters">
	<a class="btn-floating waves-effect waves-light pass green" title="pass"><i class='material-icons'>check_circle</i></a>
	<a class="btn-floating waves-effect waves-light fail red" title="fail"><i class='material-icons'>cancel</i></a>
	<a class="btn-floating waves-effect waves-light skip blue" title="skip"><i class='material-icons'>redo</i></a>
	<a class="btn-floating waves-effect waves-light clear grey" title="clear"><i class='material-icons'>clear</i></a>
</div>
	<div class='test-desc'>    login into the r and hm website</div>

<div class='scenario node' test-id='49' status='pass'>

	<span class='duration right label'>00 00 28.572</span>
	<div class="bdd-test">
		<div class="scenario-name"><span class='status pass' title='Pass'><i class='material-icons'>check_circle</i></span> Scenario: login</div>
	</div>
	
	
		<div class='category-list'>
				<span class='category label'>@login</span>
		</div>
	
	<ul class='steps'>
		<li test-id='58' class='node when Pass' status='Pass'>
			<div class="step-name" title="(stepdefinitions.StepDefinitionsForCrossBrowsing.i_opened_orange_hrm_application_using_url_as(java.lang.String))"><span class='status pass' title='Pass'><i class='material-icons'>check_circle</i></span>When i opened orange hrm application using url as "url"</div>


		</li>
		<li test-id='71' class='node then Pass' status='Pass'>
			<div class="step-name" title="(stepdefinitions.StepDefinitionsForCrossBrowsing.i_should_able_to_orange_hrm_logo())"><span class='status pass' title='Pass'><i class='material-icons'>check_circle</i></span>Then i should able to orange hrm logo</div>


		</li>
		<li test-id='72' class='node when Pass' status='Pass'>
			<div class="step-name" title="(stepdefinitions.StepDefinitionsForCrossBrowsing.i_enter_username_as_and_password_as_in_login_field(java.lang.String,java.lang.String))"><span class='status pass' title='Pass'><i class='material-icons'>check_circle</i></span>When i enter username as "Admin" and password as "admin123" in login field</div>


		</li>
		<li test-id='73' class='node and Pass' status='Pass'>
			<div class="step-name" title="(stepdefinitions.StepDefinitionsForCrossBrowsing.i_click_on_login_button())"><span class='status pass' title='Pass'><i class='material-icons'>check_circle</i></span>And i click on login button</div>


		</li>
		<li test-id='78' class='node then Pass' status='Pass'>
			<div class="step-name" title="(stepdefinitions.StepDefinitionsForCrossBrowsing.i_should_see_the_dashboard())"><span class='status pass' title='Pass'><i class='material-icons'>check_circle</i></span>Then i should see the dashboard</div>


		</li>
	</ul>
</div>
<div class='scenario node' test-id='55' status='pass'>

	<span class='duration right label'>00 00 23.563</span>
	<div class="bdd-test">
		<div class="scenario-name"><span class='status pass' title='Pass'><i class='material-icons'>check_circle</i></span> Scenario: login</div>
	</div>
	
	
		<div class='category-list'>
				<span class='category label'>@login</span>
		</div>
	
	<ul class='steps'>
		<li test-id='57' class='node when Pass' status='Pass'>
			<div class="step-name" title="(stepdefinitions.StepDefinitionsForCrossBrowsing.i_opened_orange_hrm_application_using_url_as(java.lang.String))"><span class='status pass' title='Pass'><i class='material-icons'>check_circle</i></span>When i opened orange hrm application using url as "url"</div>


		</li>
		<li test-id='67' class='node then Pass' status='Pass'>
			<div class="step-name" title="(stepdefinitions.StepDefinitionsForCrossBrowsing.i_should_able_to_orange_hrm_logo())"><span class='status pass' title='Pass'><i class='material-icons'>check_circle</i></span>Then i should able to orange hrm logo</div>


		</li>
		<li test-id='68' class='node when Pass' status='Pass'>
			<div class="step-name" title="(stepdefinitions.StepDefinitionsForCrossBrowsing.i_enter_username_as_and_password_as_in_login_field(java.lang.String,java.lang.String))"><span class='status pass' title='Pass'><i class='material-icons'>check_circle</i></span>When i enter username as "Admin" and password as "admin123" in login field</div>


		</li>
		<li test-id='70' class='node and Pass' status='Pass'>
			<div class="step-name" title="(stepdefinitions.StepDefinitionsForCrossBrowsing.i_click_on_login_button())"><span class='status pass' title='Pass'><i class='material-icons'>check_circle</i></span>And i click on login button</div>


		</li>
		<li test-id='77' class='node then Pass' status='Pass'>
			<div class="step-name" title="(stepdefinitions.StepDefinitionsForCrossBrowsing.i_should_see_the_dashboard())"><span class='status pass' title='Pass'><i class='material-icons'>check_circle</i></span>Then i should see the dashboard</div>


		</li>
	</ul>
</div>
<div class='scenario node' test-id='65' status='pass'>

	<span class='duration right label'>00 00 18.167</span>
	<div class="bdd-test">
		<div class="scenario-name"><span class='status pass' title='Pass'><i class='material-icons'>check_circle</i></span> Scenario: login</div>
	</div>
	
	
		<div class='category-list'>
				<span class='category label'>@login</span>
		</div>
	
	<ul class='steps'>
		<li test-id='69' class='node when Pass' status='Pass'>
			<div class="step-name" title="(stepdefinitions.StepDefinitionsForCrossBrowsing.i_opened_orange_hrm_application_using_url_as(java.lang.String))"><span class='status pass' title='Pass'><i class='material-icons'>check_circle</i></span>When i opened orange hrm application using url as "url"</div>


		</li>
		<li test-id='74' class='node then Pass' status='Pass'>
			<div class="step-name" title="(stepdefinitions.StepDefinitionsForCrossBrowsing.i_should_able_to_orange_hrm_logo())"><span class='status pass' title='Pass'><i class='material-icons'>check_circle</i></span>Then i should able to orange hrm logo</div>


		</li>
		<li test-id='75' class='node when Pass' status='Pass'>
			<div class="step-name" title="(stepdefinitions.StepDefinitionsForCrossBrowsing.i_enter_username_as_and_password_as_in_login_field(java.lang.String,java.lang.String))"><span class='status pass' title='Pass'><i class='material-icons'>check_circle</i></span>When i enter username as "Admin" and password as "admin123" in login field</div>


		</li>
		<li test-id='76' class='node and Pass' status='Pass'>
			<div class="step-name" title="(stepdefinitions.StepDefinitionsForCrossBrowsing.i_click_on_login_button())"><span class='status pass' title='Pass'><i class='material-icons'>check_circle</i></span>And i click on login button</div>


		</li>
		<li test-id='88' class='node then Pass' status='Pass'>
			<div class="step-name" title="(stepdefinitions.StepDefinitionsForCrossBrowsing.i_should_see_the_dashboard())"><span class='status pass' title='Pass'><i class='material-icons'>check_circle</i></span>Then i should see the dashboard</div>


		</li>
	</ul>
</div>
<div class='scenario outline node' test-id='81' status='fail'>

	<span class='duration right label'>00 01 14.699</span>
	<div class="bdd-test">
		<div class="scenario-name"><span class='status fail' title='Fail'><i class='material-icons'>cancel</i></span> Scenario Outline: datadriven</div>
	</div>
	
		<div class='node-desc'><br><br><table class='markup-table table '><tr><td>username</td><td>password</td></tr><tr><td>Admin</td><td>admin123</td></tr><tr><td>alekh</td><td>admin</td></tr><tr><td>Admin</td><td>admin123</td></tr></table><br><br><table class='markup-table table '><tr><td>username</td><td>password</td></tr><tr><td>Admin</td><td>admin123</td></tr><tr><td>alekh</td><td>admin</td></tr><tr><td>Admin</td><td>admin123</td></tr></table><br><br><table class='markup-table table '><tr><td>username</td><td>password</td></tr><tr><td>Admin</td><td>admin123</td></tr><tr><td>alekh</td><td>admin</td></tr><tr><td>Admin</td><td>admin123</td></tr></table></div>
	
		<div class='category-list'>
				<span class='category label'>@datadriven</span>
		</div>
	
	<ul class='steps'>
		<li test-id='82' class='node scenario Pass' status='Pass'>
			<div class="step-name" title="()"><span class='status pass' title='Pass'><i class='material-icons'>check_circle</i></span>datadriven</div>

				<div class='category-list'>
						<span class='category label'>@datadriven</span>
				</div>

			<ul class='gc steps'>
				<li test-id='84' class='gc when Pass' status='Pass'>
					<h6 class="step-name" title="stepdefinitions.StepDefinitionsForCrossBrowsing.i_opened_orange_hrm_application_using_url_as(java.lang.String)"><span class='status pass' title='Pass'><i class='material-icons'>check_circle</i></span>When i opened orange hrm application using url as "url"</h6>

				</li>
				<li test-id='93' class='gc then Pass' status='Pass'>
					<h6 class="step-name" title="stepdefinitions.StepDefinitionsForCrossBrowsing.i_should_able_to_orange_hrm_logo()"><span class='status pass' title='Pass'><i class='material-icons'>check_circle</i></span>Then i should able to orange hrm logo</h6>

				</li>
				<li test-id='94' class='gc when Pass' status='Pass'>
					<h6 class="step-name" title="stepdefinitions.StepDefinitionsForCrossBrowsing.i_enter_username_as_and_password_as_in_login_field(java.lang.String,java.lang.String)"><span class='status pass' title='Pass'><i class='material-icons'>check_circle</i></span>When i enter username as "Admin" and password as "admin123" in login field</h6>

				</li>
				<li test-id='95' class='gc and Pass' status='Pass'>
					<h6 class="step-name" title="stepdefinitions.StepDefinitionsForCrossBrowsing.i_click_on_login_button()"><span class='status pass' title='Pass'><i class='material-icons'>check_circle</i></span>And i click on login button</h6>

				</li>
				<li test-id='101' class='gc then Pass' status='Pass'>
					<h6 class="step-name" title="stepdefinitions.StepDefinitionsForCrossBrowsing.i_should_see_the_dashboard()"><span class='status pass' title='Pass'><i class='material-icons'>check_circle</i></span>Then i should see the dashboard</h6>

				</li>
			</ul>
		</li>
		<li test-id='85' class='node scenario Pass' status='Pass'>
			<div class="step-name" title="()"><span class='status pass' title='Pass'><i class='material-icons'>check_circle</i></span>datadriven</div>

				<div class='category-list'>
						<span class='category label'>@datadriven</span>
				</div>

			<ul class='gc steps'>
				<li test-id='87' class='gc when Pass' status='Pass'>
					<h6 class="step-name" title="stepdefinitions.StepDefinitionsForCrossBrowsing.i_opened_orange_hrm_application_using_url_as(java.lang.String)"><span class='status pass' title='Pass'><i class='material-icons'>check_circle</i></span>When i opened orange hrm application using url as "url"</h6>

				</li>
				<li test-id='96' class='gc then Pass' status='Pass'>
					<h6 class="step-name" title="stepdefinitions.StepDefinitionsForCrossBrowsing.i_should_able_to_orange_hrm_logo()"><span class='status pass' title='Pass'><i class='material-icons'>check_circle</i></span>Then i should able to orange hrm logo</h6>

				</li>
				<li test-id='97' class='gc when Pass' status='Pass'>
					<h6 class="step-name" title="stepdefinitions.StepDefinitionsForCrossBrowsing.i_enter_username_as_and_password_as_in_login_field(java.lang.String,java.lang.String)"><span class='status pass' title='Pass'><i class='material-icons'>check_circle</i></span>When i enter username as "Admin" and password as "admin123" in login field</h6>

				</li>
				<li test-id='98' class='gc and Pass' status='Pass'>
					<h6 class="step-name" title="stepdefinitions.StepDefinitionsForCrossBrowsing.i_click_on_login_button()"><span class='status pass' title='Pass'><i class='material-icons'>check_circle</i></span>And i click on login button</h6>

				</li>
				<li test-id='107' class='gc then Pass' status='Pass'>
					<h6 class="step-name" title="stepdefinitions.StepDefinitionsForCrossBrowsing.i_should_see_the_dashboard()"><span class='status pass' title='Pass'><i class='material-icons'>check_circle</i></span>Then i should see the dashboard</h6>

				</li>
			</ul>
		</li>
		<li test-id='90' class='node scenario Pass' status='Pass'>
			<div class="step-name" title="()"><span class='status pass' title='Pass'><i class='material-icons'>check_circle</i></span>datadriven</div>

				<div class='category-list'>
						<span class='category label'>@datadriven</span>
				</div>

			<ul class='gc steps'>
				<li test-id='92' class='gc when Pass' status='Pass'>
					<h6 class="step-name" title="stepdefinitions.StepDefinitionsForCrossBrowsing.i_opened_orange_hrm_application_using_url_as(java.lang.String)"><span class='status pass' title='Pass'><i class='material-icons'>check_circle</i></span>When i opened orange hrm application using url as "url"</h6>

				</li>
				<li test-id='99' class='gc then Pass' status='Pass'>
					<h6 class="step-name" title="stepdefinitions.StepDefinitionsForCrossBrowsing.i_should_able_to_orange_hrm_logo()"><span class='status pass' title='Pass'><i class='material-icons'>check_circle</i></span>Then i should able to orange hrm logo</h6>

				</li>
				<li test-id='100' class='gc when Pass' status='Pass'>
					<h6 class="step-name" title="stepdefinitions.StepDefinitionsForCrossBrowsing.i_enter_username_as_and_password_as_in_login_field(java.lang.String,java.lang.String)"><span class='status pass' title='Pass'><i class='material-icons'>check_circle</i></span>When i enter username as "Admin" and password as "admin123" in login field</h6>

				</li>
				<li test-id='102' class='gc and Pass' status='Pass'>
					<h6 class="step-name" title="stepdefinitions.StepDefinitionsForCrossBrowsing.i_click_on_login_button()"><span class='status pass' title='Pass'><i class='material-icons'>check_circle</i></span>And i click on login button</h6>

				</li>
				<li test-id='119' class='gc then Pass' status='Pass'>
					<h6 class="step-name" title="stepdefinitions.StepDefinitionsForCrossBrowsing.i_should_see_the_dashboard()"><span class='status pass' title='Pass'><i class='material-icons'>check_circle</i></span>Then i should see the dashboard</h6>

				</li>
			</ul>
		</li>
		<li test-id='104' class='node scenario Fail' status='Fail'>
			<div class="step-name" title="()"><span class='status fail' title='Fail'><i class='material-icons'>cancel</i></span>datadriven</div>

				<div class='category-list'>
						<span class='category label'>@datadriven</span>
				</div>

			<ul class='gc steps'>
				<li test-id='106' class='gc when Pass' status='Pass'>
					<h6 class="step-name" title="stepdefinitions.StepDefinitionsForCrossBrowsing.i_opened_orange_hrm_application_using_url_as(java.lang.String)"><span class='status pass' title='Pass'><i class='material-icons'>check_circle</i></span>When i opened orange hrm application using url as "url"</h6>

				</li>
				<li test-id='123' class='gc then Pass' status='Pass'>
					<h6 class="step-name" title="stepdefinitions.StepDefinitionsForCrossBrowsing.i_should_able_to_orange_hrm_logo()"><span class='status pass' title='Pass'><i class='material-icons'>check_circle</i></span>Then i should able to orange hrm logo</h6>

				</li>
				<li test-id='124' class='gc when Pass' status='Pass'>
					<h6 class="step-name" title="stepdefinitions.StepDefinitionsForCrossBrowsing.i_enter_username_as_and_password_as_in_login_field(java.lang.String,java.lang.String)"><span class='status pass' title='Pass'><i class='material-icons'>check_circle</i></span>When i enter username as "alekh" and password as "admin" in login field</h6>

				</li>
				<li test-id='126' class='gc and Pass' status='Pass'>
					<h6 class="step-name" title="stepdefinitions.StepDefinitionsForCrossBrowsing.i_click_on_login_button()"><span class='status pass' title='Pass'><i class='material-icons'>check_circle</i></span>And i click on login button</h6>

				</li>
				<li test-id='128' class='gc then Fail' status='Fail'>
					<h6 class="step-name" title="stepdefinitions.StepDefinitionsForCrossBrowsing.i_should_see_the_dashboard()"><span class='status fail' title='Fail'><i class='material-icons'>cancel</i></span>Then i should see the dashboard</h6>

							<textarea disabled class="code-block">org.openqa.selenium.NoSuchElementException: no such element: Unable to locate element: {"method":"css selector","selector":"#menu_dashboard_index"}
  (Session info: chrome=103.0.5060.53)
For documentation on this error, please visit: https://selenium.dev/exceptions/#no_such_element
Build info: version: '4.3.0', revision: 'a4995e2c09*'
System info: host: 'DESKTOP-5G78EO0', ip: '192.168.43.47', os.name: 'Windows 10', os.arch: 'amd64', os.version: '10.0', java.version: '17.0.2'
Driver info: org.openqa.selenium.chrome.ChromeDriver
Command: [245adc9d6f0ccaf78fa2696e46a48804, findElement {using=id, value=menu_dashboard_index}]
Capabilities {acceptInsecureCerts: false, browserName: chrome, browserVersion: 103.0.5060.53, chrome: {chromedriverVersion: 103.0.5060.53 (a1711811edd7..., userDataDir: C:\Users\Dell\AppData\Local...}, goog:chromeOptions: {debuggerAddress: localhost:49199}, networkConnectionEnabled: false, pageLoadStrategy: normal, platformName: WINDOWS, proxy: Proxy(), se:cdp: ws://localhost:49199/devtoo..., se:cdpVersion: 103.0.5060.53, setWindowRect: true, strictFileInteractability: false, timeouts: {implicit: 0, pageLoad: 300000, script: 30000}, unhandledPromptBehavior: dismiss and notify, webauthn:extension:credBlob: true, webauthn:extension:largeBlob: true, webauthn:virtualAuthenticators: true}
Session ID: 245adc9d6f0ccaf78fa2696e46a48804
	at java.base/jdk.internal.reflect.NativeConstructorAccessorImpl.newInstance0(Native Method)
	at java.base/jdk.internal.reflect.NativeConstructorAccessorImpl.newInstance(NativeConstructorAccessorImpl.java:77)
	at java.base/jdk.internal.reflect.DelegatingConstructorAccessorImpl.newInstance(DelegatingConstructorAccessorImpl.java:45)
	at java.base/java.lang.reflect.Constructor.newInstanceWithCaller(Constructor.java:499)
	at java.base/java.lang.reflect.Constructor.newInstance(Constructor.java:480)
	at org.openqa.selenium.remote.codec.w3c.W3CHttpResponseCodec.createException(W3CHttpResponseCodec.java:200)
	at org.openqa.selenium.remote.codec.w3c.W3CHttpResponseCodec.decode(W3CHttpResponseCodec.java:133)
	at org.openqa.selenium.remote.codec.w3c.W3CHttpResponseCodec.decode(W3CHttpResponseCodec.java:53)
	at org.openqa.selenium.remote.HttpCommandExecutor.execute(HttpCommandExecutor.java:184)
	at org.openqa.selenium.remote.service.DriverCommandExecutor.invokeExecute(DriverCommandExecutor.java:167)
	at org.openqa.selenium.remote.service.DriverCommandExecutor.execute(DriverCommandExecutor.java:142)
	at org.openqa.selenium.remote.RemoteWebDriver.execute(RemoteWebDriver.java:569)
	at org.openqa.selenium.remote.ElementLocation$ElementFinder$2.findElement(ElementLocation.java:162)
	at org.openqa.selenium.remote.ElementLocation.findElement(ElementLocation.java:60)
	at org.openqa.selenium.remote.RemoteWebDriver.findElement(RemoteWebDriver.java:387)
	at org.openqa.selenium.remote.RemoteWebDriver.findElement(RemoteWebDriver.java:379)
	at stepdefinitions.StepDefinitionsForCrossBrowsing.i_should_see_the_dashboard(StepDefinitionsForCrossBrowsing.java:100)
	at ?.i should see the dashboard(file:///D:/workspace/Practice/src/test/resources/parallel/Login.feature:20)
</textarea>
				</li>
				<li test-id='129' class='gc * Pass' status='Pass'>
					<h6 class="step-name" title="AFTER"><span class='status pass' title='Pass'><i class='material-icons'>check_circle</i></span>stepdefinitions.StepDefinitionsForCrossBrowsing.getScreenShot(io.cucumber.java.Scenario)</h6>

							<div class="node-step">datadriven</div>
							<div class='screenshots'>
								<img width='80' height='40' onerror='this.style.display="none"' data-featherlight='../embedded6.png' src='../embedded6.png'>
							</div>
				</li>
			</ul>
		</li>
		<li test-id='109' class='node scenario Fail' status='Fail'>
			<div class="step-name" title="()"><span class='status fail' title='Fail'><i class='material-icons'>cancel</i></span>datadriven</div>

				<div class='category-list'>
						<span class='category label'>@datadriven</span>
				</div>

			<ul class='gc steps'>
				<li test-id='110' class='gc * Fail' status='Fail'>
					<h6 class="step-name" title="BEFORE"><span class='status fail' title='Fail'><i class='material-icons'>cancel</i></span>stepdefinitions.StepDefinitionsForCrossBrowsing.i_setup_browser()</h6>

							<textarea disabled class="code-block">org.openqa.selenium.SessionNotCreatedException: Could not start a new session. Possible causes are invalid address of the remote server or browser start-up failure.
Build info: version: '4.3.0', revision: 'a4995e2c09*'
System info: host: 'DESKTOP-5G78EO0', ip: '192.168.43.47', os.name: 'Windows 10', os.arch: 'amd64', os.version: '10.0', java.version: '17.0.2'
Driver info: org.openqa.selenium.firefox.FirefoxDriver
Command: [null, newSession {capabilities=[Capabilities {acceptInsecureCerts: true, browserName: firefox, moz:debuggerAddress: true, moz:firefoxOptions: {}}], desiredCapabilities=Capabilities {acceptInsecureCerts: true, browserName: firefox, moz:debuggerAddress: true, moz:firefoxOptions: {}}}]
	at org.openqa.selenium.remote.RemoteWebDriver.execute(RemoteWebDriver.java:587)
	at org.openqa.selenium.remote.RemoteWebDriver.startSession(RemoteWebDriver.java:264)
	at org.openqa.selenium.remote.RemoteWebDriver.<init>(RemoteWebDriver.java:179)
	at org.openqa.selenium.firefox.FirefoxDriver.<init>(FirefoxDriver.java:110)
	at org.openqa.selenium.firefox.FirefoxDriver.<init>(FirefoxDriver.java:98)
	at org.openqa.selenium.firefox.FirefoxDriver.<init>(FirefoxDriver.java:94)
	at stepdefinitions.StepDefinitionsForCrossBrowsing.i_setup_browser(StepDefinitionsForCrossBrowsing.java:54)
Caused by: java.io.UncheckedIOException: java.net.ConnectException: Connection refused: no further information: localhost/[0:0:0:0:0:0:0:1]:49237
	at org.openqa.selenium.remote.http.netty.NettyHttpHandler.makeCall(NettyHttpHandler.java:73)
	at org.openqa.selenium.remote.http.AddSeleniumUserAgent.lambda$apply$0(AddSeleniumUserAgent.java:42)
	at org.openqa.selenium.remote.http.Filter.lambda$andFinally$1(Filter.java:56)
	at org.openqa.selenium.remote.http.netty.NettyHttpHandler.execute(NettyHttpHandler.java:49)
	at org.openqa.selenium.remote.http.AddSeleniumUserAgent.lambda$apply$0(AddSeleniumUserAgent.java:42)
	at org.openqa.selenium.remote.http.Filter.lambda$andFinally$1(Filter.java:56)
	at org.openqa.selenium.remote.http.netty.NettyClient.execute(NettyClient.java:98)
	at org.openqa.selenium.remote.ProtocolHandshake.createSession(ProtocolHandshake.java:120)
	at org.openqa.selenium.remote.ProtocolHandshake.createSession(ProtocolHandshake.java:102)
	at org.openqa.selenium.remote.ProtocolHandshake.createSession(ProtocolHandshake.java:67)
	at org.openqa.selenium.remote.HttpCommandExecutor.execute(HttpCommandExecutor.java:156)
	at org.openqa.selenium.remote.service.DriverCommandExecutor.invokeExecute(DriverCommandExecutor.java:167)
	at org.openqa.selenium.remote.service.DriverCommandExecutor.execute(DriverCommandExecutor.java:142)
	at org.openqa.selenium.remote.RemoteWebDriver.execute(RemoteWebDriver.java:569)
	at org.openqa.selenium.remote.RemoteWebDriver.startSession(RemoteWebDriver.java:264)
	at org.openqa.selenium.remote.RemoteWebDriver.<init>(RemoteWebDriver.java:179)
	at org.openqa.selenium.firefox.FirefoxDriver.<init>(FirefoxDriver.java:110)
	at org.openqa.selenium.firefox.FirefoxDriver.<init>(FirefoxDriver.java:98)
	at org.openqa.selenium.firefox.FirefoxDriver.<init>(FirefoxDriver.java:94)
	at stepdefinitions.StepDefinitionsForCrossBrowsing.i_setup_browser(StepDefinitionsForCrossBrowsing.java:54)
	at java.base/jdk.internal.reflect.NativeMethodAccessorImpl.invoke0(Native Method)
	at java.base/jdk.internal.reflect.NativeMethodAccessorImpl.invoke(NativeMethodAccessorImpl.java:77)
	at java.base/jdk.internal.reflect.DelegatingMethodAccessorImpl.invoke(DelegatingMethodAccessorImpl.java:43)
	at java.base/java.lang.reflect.Method.invoke(Method.java:568)
	at io.cucumber.java.Invoker.doInvoke(Invoker.java:66)
	at io.cucumber.java.Invoker.invoke(Invoker.java:24)
	at io.cucumber.java.AbstractGlueDefinition.invokeMethod(AbstractGlueDefinition.java:47)
	at io.cucumber.java.JavaHookDefinition.execute(JavaHookDefinition.java:64)
	at io.cucumber.core.runner.CoreHookDefinition.execute(CoreHookDefinition.java:46)
	at io.cucumber.core.runner.HookDefinitionMatch.runStep(HookDefinitionMatch.java:21)
	at io.cucumber.core.runner.ExecutionMode$1.execute(ExecutionMode.java:10)
	at io.cucumber.core.runner.TestStep.executeStep(TestStep.java:85)
	at io.cucumber.core.runner.TestStep.run(TestStep.java:57)
	at io.cucumber.core.runner.TestCase.run(TestCase.java:78)
	at io.cucumber.core.runner.Runner.runPickle(Runner.java:75)
	at io.cucumber.testng.TestNGCucumberRunner.lambda$runScenario$1(TestNGCucumberRunner.java:132)
	at io.cucumber.core.runtime.CucumberExecutionContext.lambda$runTestCase$5(CucumberExecutionContext.java:129)
	at io.cucumber.core.runtime.RethrowingThrowableCollector.executeAndThrow(RethrowingThrowableCollector.java:23)
	at io.cucumber.core.runtime.CucumberExecutionContext.runTestCase(CucumberExecutionContext.java:129)
	at io.cucumber.testng.TestNGCucumberRunner.runScenario(TestNGCucumberRunner.java:129)
	at io.cucumber.testng.AbstractTestNGCucumberTests.runScenario(AbstractTestNGCucumberTests.java:35)
	at java.base/jdk.internal.reflect.NativeMethodAccessorImpl.invoke0(Native Method)
	at java.base/jdk.internal.reflect.NativeMethodAccessorImpl.invoke(NativeMethodAccessorImpl.java:77)
	at java.base/jdk.internal.reflect.DelegatingMethodAccessorImpl.invoke(DelegatingMethodAccessorImpl.java:43)
	at java.base/java.lang.reflect.Method.invoke(Method.java:568)
	at org.testng.internal.invokers.MethodInvocationHelper.invokeMethod(MethodInvocationHelper.java:139)
	at org.testng.internal.invokers.TestInvoker.invokeMethod(TestInvoker.java:677)
	at org.testng.internal.invokers.TestInvoker.invokeTestMethod(TestInvoker.java:221)
	at org.testng.internal.invokers.MethodRunner.runInSequence(MethodRunner.java:50)
	at org.testng.internal.invokers.TestInvoker$MethodInvocationAgent.invoke(TestInvoker.java:962)
	at org.testng.internal.invokers.TestInvoker.invokeTestMethods(TestInvoker.java:194)
	at org.testng.internal.invokers.TestMethodWorker.invokeTestMethods(TestMethodWorker.java:148)
	at org.testng.internal.invokers.TestMethodWorker.run(TestMethodWorker.java:128)
	at java.base/java.util.ArrayList.forEach(ArrayList.java:1511)
	at org.testng.TestRunner.privateRun(TestRunner.java:806)
	at org.testng.TestRunner.run(TestRunner.java:601)
	at org.testng.SuiteRunner.runTest(SuiteRunner.java:433)
	at org.testng.SuiteRunner$SuiteWorker.run(SuiteRunner.java:471)
	at org.testng.internal.thread.ThreadUtil.lambda$execute$0(ThreadUtil.java:58)
	at java.base/java.util.concurrent.FutureTask.run(FutureTask.java:264)
	at java.base/java.util.concurrent.ThreadPoolExecutor.runWorker(ThreadPoolExecutor.java:1136)
	at java.base/java.util.concurrent.ThreadPoolExecutor$Worker.run(ThreadPoolExecutor.java:635)
	at java.base/java.lang.Thread.run(Thread.java:833)
Caused by: java.net.ConnectException: Connection refused: no further information: localhost/[0:0:0:0:0:0:0:1]:49237
	at org.asynchttpclient.netty.channel.NettyConnectListener.onFailure(NettyConnectListener.java:179)
	at org.asynchttpclient.netty.channel.NettyChannelConnector$1.onFailure(NettyChannelConnector.java:108)
	at org.asynchttpclient.netty.SimpleChannelFutureListener.operationComplete(SimpleChannelFutureListener.java:28)
	at org.asynchttpclient.netty.SimpleChannelFutureListener.operationComplete(SimpleChannelFutureListener.java:20)
	at io.netty.util.concurrent.DefaultPromise.notifyListener0(DefaultPromise.java:578)
	at io.netty.util.concurrent.DefaultPromise.notifyListeners0(DefaultPromise.java:571)
	at io.netty.util.concurrent.DefaultPromise.notifyListenersNow(DefaultPromise.java:550)
	at io.netty.util.concurrent.DefaultPromise.notifyListeners(DefaultPromise.java:491)
	at io.netty.util.concurrent.DefaultPromise.setValue0(DefaultPromise.java:616)
	at io.netty.util.concurrent.DefaultPromise.setFailure0(DefaultPromise.java:609)
	at io.netty.util.concurrent.DefaultPromise.tryFailure(DefaultPromise.java:117)
	at io.netty.channel.nio.AbstractNioChannel$AbstractNioUnsafe.fulfillConnectPromise(AbstractNioChannel.java:321)
	at io.netty.channel.nio.AbstractNioChannel$AbstractNioUnsafe.finishConnect(AbstractNioChannel.java:337)
	at io.netty.channel.nio.NioEventLoop.processSelectedKey(NioEventLoop.java:710)
	at io.netty.channel.nio.NioEventLoop.processSelectedKeysOptimized(NioEventLoop.java:658)
	at io.netty.channel.nio.NioEventLoop.processSelectedKeys(NioEventLoop.java:584)
	at io.netty.channel.nio.NioEventLoop.run(NioEventLoop.java:496)
	at io.netty.util.concurrent.SingleThreadEventExecutor$4.run(SingleThreadEventExecutor.java:997)
	at io.netty.util.internal.ThreadExecutorMap$2.run(ThreadExecutorMap.java:74)
	at io.netty.util.concurrent.FastThreadLocalRunnable.run(FastThreadLocalRunnable.java:30)
	... 1 more
Caused by: io.netty.channel.AbstractChannel$AnnotatedConnectException: Connection refused: no further information: localhost/[0:0:0:0:0:0:0:1]:49237
Caused by: java.net.ConnectException: Connection refused: no further information
	at java.base/sun.nio.ch.Net.pollConnect(Native Method)
	at java.base/sun.nio.ch.Net.pollConnectNow(Net.java:672)
	at java.base/sun.nio.ch.SocketChannelImpl.finishConnect(SocketChannelImpl.java:946)
	at io.netty.channel.socket.nio.NioSocketChannel.doFinishConnect(NioSocketChannel.java:337)
	at io.netty.channel.nio.AbstractNioChannel$AbstractNioUnsafe.finishConnect(AbstractNioChannel.java:334)
	at io.netty.channel.nio.NioEventLoop.processSelectedKey(NioEventLoop.java:710)
	at io.netty.channel.nio.NioEventLoop.processSelectedKeysOptimized(NioEventLoop.java:658)
	at io.netty.channel.nio.NioEventLoop.processSelectedKeys(NioEventLoop.java:584)
	at io.netty.channel.nio.NioEventLoop.run(NioEventLoop.java:496)
	at io.netty.util.concurrent.SingleThreadEventExecutor$4.run(SingleThreadEventExecutor.java:997)
	at io.netty.util.internal.ThreadExecutorMap$2.run(ThreadExecutorMap.java:74)
	at io.netty.util.concurrent.FastThreadLocalRunnable.run(FastThreadLocalRunnable.java:30)
	at java.base/java.lang.Thread.run(Thread.java:833)
</textarea>
				</li>
				<li test-id='111' class='gc when Skip' status='Skip'>
					<h6 class="step-name" title="stepdefinitions.StepDefinitionsForCrossBrowsing.i_opened_orange_hrm_application_using_url_as(java.lang.String)"><span class='status skip' title='Skip'><i class='material-icons'>redo</i></span>When i opened orange hrm application using url as "url"</h6>

							<div class="node-step">Step skipped</div>
				</li>
				<li test-id='112' class='gc then Skip' status='Skip'>
					<h6 class="step-name" title="stepdefinitions.StepDefinitionsForCrossBrowsing.i_should_able_to_orange_hrm_logo()"><span class='status skip' title='Skip'><i class='material-icons'>redo</i></span>Then i should able to orange hrm logo</h6>

							<div class="node-step">Step skipped</div>
				</li>
				<li test-id='113' class='gc when Skip' status='Skip'>
					<h6 class="step-name" title="stepdefinitions.StepDefinitionsForCrossBrowsing.i_enter_username_as_and_password_as_in_login_field(java.lang.String,java.lang.String)"><span class='status skip' title='Skip'><i class='material-icons'>redo</i></span>When i enter username as "alekh" and password as "admin" in login field</h6>

							<div class="node-step">Step skipped</div>
				</li>
				<li test-id='114' class='gc and Skip' status='Skip'>
					<h6 class="step-name" title="stepdefinitions.StepDefinitionsForCrossBrowsing.i_click_on_login_button()"><span class='status skip' title='Skip'><i class='material-icons'>redo</i></span>And i click on login button</h6>

							<div class="node-step">Step skipped</div>
				</li>
				<li test-id='115' class='gc then Skip' status='Skip'>
					<h6 class="step-name" title="stepdefinitions.StepDefinitionsForCrossBrowsing.i_should_see_the_dashboard()"><span class='status skip' title='Skip'><i class='material-icons'>redo</i></span>Then i should see the dashboard</h6>

							<div class="node-step">Step skipped</div>
				</li>
				<li test-id='116' class='gc * Fail' status='Fail'>
					<h6 class="step-name" title="AFTER"><span class='status fail' title='Fail'><i class='material-icons'>cancel</i></span>stepdefinitions.StepDefinitionsForCrossBrowsing.getScreenShot(io.cucumber.java.Scenario)</h6>

							<textarea disabled class="code-block">java.lang.NullPointerException: Cannot invoke "org.openqa.selenium.TakesScreenshot.getScreenshotAs(org.openqa.selenium.OutputType)" because "this.driver" is null
	at stepdefinitions.StepDefinitionsForCrossBrowsing.getScreenShot(StepDefinitionsForCrossBrowsing.java:206)
</textarea>
				</li>
			</ul>
		</li>
		<li test-id='117' class='node scenario Pass' status='Pass'>
			<div class="step-name" title="()"><span class='status pass' title='Pass'><i class='material-icons'>check_circle</i></span>datadriven</div>

				<div class='category-list'>
						<span class='category label'>@datadriven</span>
				</div>

			<ul class='gc steps'>
				<li test-id='127' class='gc when Pass' status='Pass'>
					<h6 class="step-name" title="stepdefinitions.StepDefinitionsForCrossBrowsing.i_opened_orange_hrm_application_using_url_as(java.lang.String)"><span class='status pass' title='Pass'><i class='material-icons'>check_circle</i></span>When i opened orange hrm application using url as "url"</h6>

				</li>
				<li test-id='138' class='gc then Pass' status='Pass'>
					<h6 class="step-name" title="stepdefinitions.StepDefinitionsForCrossBrowsing.i_should_able_to_orange_hrm_logo()"><span class='status pass' title='Pass'><i class='material-icons'>check_circle</i></span>Then i should able to orange hrm logo</h6>

				</li>
				<li test-id='141' class='gc when Pass' status='Pass'>
					<h6 class="step-name" title="stepdefinitions.StepDefinitionsForCrossBrowsing.i_enter_username_as_and_password_as_in_login_field(java.lang.String,java.lang.String)"><span class='status pass' title='Pass'><i class='material-icons'>check_circle</i></span>When i enter username as "Admin" and password as "admin123" in login field</h6>

				</li>
				<li test-id='142' class='gc and Pass' status='Pass'>
					<h6 class="step-name" title="stepdefinitions.StepDefinitionsForCrossBrowsing.i_click_on_login_button()"><span class='status pass' title='Pass'><i class='material-icons'>check_circle</i></span>And i click on login button</h6>

				</li>
				<li test-id='147' class='gc then Pass' status='Pass'>
					<h6 class="step-name" title="stepdefinitions.StepDefinitionsForCrossBrowsing.i_should_see_the_dashboard()"><span class='status pass' title='Pass'><i class='material-icons'>check_circle</i></span>Then i should see the dashboard</h6>

				</li>
			</ul>
		</li>
		<li test-id='121' class='node scenario Fail' status='Fail'>
			<div class="step-name" title="()"><span class='status fail' title='Fail'><i class='material-icons'>cancel</i></span>datadriven</div>

				<div class='category-list'>
						<span class='category label'>@datadriven</span>
				</div>

			<ul class='gc steps'>
				<li test-id='125' class='gc when Pass' status='Pass'>
					<h6 class="step-name" title="stepdefinitions.StepDefinitionsForCrossBrowsing.i_opened_orange_hrm_application_using_url_as(java.lang.String)"><span class='status pass' title='Pass'><i class='material-icons'>check_circle</i></span>When i opened orange hrm application using url as "url"</h6>

				</li>
				<li test-id='133' class='gc then Pass' status='Pass'>
					<h6 class="step-name" title="stepdefinitions.StepDefinitionsForCrossBrowsing.i_should_able_to_orange_hrm_logo()"><span class='status pass' title='Pass'><i class='material-icons'>check_circle</i></span>Then i should able to orange hrm logo</h6>

				</li>
				<li test-id='134' class='gc when Pass' status='Pass'>
					<h6 class="step-name" title="stepdefinitions.StepDefinitionsForCrossBrowsing.i_enter_username_as_and_password_as_in_login_field(java.lang.String,java.lang.String)"><span class='status pass' title='Pass'><i class='material-icons'>check_circle</i></span>When i enter username as "alekh" and password as "admin" in login field</h6>

				</li>
				<li test-id='135' class='gc and Pass' status='Pass'>
					<h6 class="step-name" title="stepdefinitions.StepDefinitionsForCrossBrowsing.i_click_on_login_button()"><span class='status pass' title='Pass'><i class='material-icons'>check_circle</i></span>And i click on login button</h6>

				</li>
				<li test-id='136' class='gc then Fail' status='Fail'>
					<h6 class="step-name" title="stepdefinitions.StepDefinitionsForCrossBrowsing.i_should_see_the_dashboard()"><span class='status fail' title='Fail'><i class='material-icons'>cancel</i></span>Then i should see the dashboard</h6>

							<textarea disabled class="code-block">org.openqa.selenium.NoSuchElementException: no such element: Unable to locate element: {"method":"css selector","selector":"#menu_dashboard_index"}
  (Session info: MicrosoftEdge=103.0.1264.49)
For documentation on this error, please visit: https://selenium.dev/exceptions/#no_such_element
Build info: version: '4.3.0', revision: 'a4995e2c09*'
System info: host: 'DESKTOP-5G78EO0', ip: '192.168.43.47', os.name: 'Windows 10', os.arch: 'amd64', os.version: '10.0', java.version: '17.0.2'
Driver info: org.openqa.selenium.edge.EdgeDriver
Command: [5e94c39c20a5c73d50e81f1c7657d126, findElement {using=id, value=menu_dashboard_index}]
Capabilities {acceptInsecureCerts: false, browserName: msedge, browserVersion: 103.0.1264.49, ms:edgeOptions: {debuggerAddress: localhost:49337}, msedge: {msedgedriverVersion: 103.0.1264.49 (abaa9303c229..., userDataDir: C:\Users\Dell\AppData\Local...}, networkConnectionEnabled: false, pageLoadStrategy: normal, platformName: WINDOWS, proxy: Proxy(), se:cdp: ws://localhost:49337/devtoo..., se:cdpVersion: 103.0.1264.49, setWindowRect: true, strictFileInteractability: false, timeouts: {implicit: 0, pageLoad: 300000, script: 30000}, unhandledPromptBehavior: dismiss and notify, webauthn:extension:credBlob: true, webauthn:extension:largeBlob: true, webauthn:virtualAuthenticators: true}
Session ID: 5e94c39c20a5c73d50e81f1c7657d126
	at java.base/jdk.internal.reflect.NativeConstructorAccessorImpl.newInstance0(Native Method)
	at java.base/jdk.internal.reflect.NativeConstructorAccessorImpl.newInstance(NativeConstructorAccessorImpl.java:77)
	at java.base/jdk.internal.reflect.DelegatingConstructorAccessorImpl.newInstance(DelegatingConstructorAccessorImpl.java:45)
	at java.base/java.lang.reflect.Constructor.newInstanceWithCaller(Constructor.java:499)
	at java.base/java.lang.reflect.Constructor.newInstance(Constructor.java:480)
	at org.openqa.selenium.remote.codec.w3c.W3CHttpResponseCodec.createException(W3CHttpResponseCodec.java:200)
	at org.openqa.selenium.remote.codec.w3c.W3CHttpResponseCodec.decode(W3CHttpResponseCodec.java:133)
	at org.openqa.selenium.remote.codec.w3c.W3CHttpResponseCodec.decode(W3CHttpResponseCodec.java:53)
	at org.openqa.selenium.remote.HttpCommandExecutor.execute(HttpCommandExecutor.java:184)
	at org.openqa.selenium.remote.service.DriverCommandExecutor.invokeExecute(DriverCommandExecutor.java:167)
	at org.openqa.selenium.remote.service.DriverCommandExecutor.execute(DriverCommandExecutor.java:142)
	at org.openqa.selenium.remote.RemoteWebDriver.execute(RemoteWebDriver.java:569)
	at org.openqa.selenium.remote.ElementLocation$ElementFinder$2.findElement(ElementLocation.java:162)
	at org.openqa.selenium.remote.ElementLocation.findElement(ElementLocation.java:60)
	at org.openqa.selenium.remote.RemoteWebDriver.findElement(RemoteWebDriver.java:387)
	at org.openqa.selenium.remote.RemoteWebDriver.findElement(RemoteWebDriver.java:379)
	at stepdefinitions.StepDefinitionsForCrossBrowsing.i_should_see_the_dashboard(StepDefinitionsForCrossBrowsing.java:100)
	at ?.i should see the dashboard(file:///D:/workspace/Practice/src/test/resources/parallel/Login.feature:20)
</textarea>
				</li>
				<li test-id='137' class='gc * Pass' status='Pass'>
					<h6 class="step-name" title="AFTER"><span class='status pass' title='Pass'><i class='material-icons'>check_circle</i></span>stepdefinitions.StepDefinitionsForCrossBrowsing.getScreenShot(io.cucumber.java.Scenario)</h6>

							<div class="node-step">datadriven</div>
							<div class='screenshots'>
								<img width='80' height='40' onerror='this.style.display="none"' data-featherlight='../embedded7.png' src='../embedded7.png'>
							</div>
				</li>
			</ul>
		</li>
		<li test-id='130' class='node scenario Pass' status='Pass'>
			<div class="step-name" title="()"><span class='status pass' title='Pass'><i class='material-icons'>check_circle</i></span>datadriven</div>

				<div class='category-list'>
						<span class='category label'>@datadriven</span>
				</div>

			<ul class='gc steps'>
				<li test-id='132' class='gc when Pass' status='Pass'>
					<h6 class="step-name" title="stepdefinitions.StepDefinitionsForCrossBrowsing.i_opened_orange_hrm_application_using_url_as(java.lang.String)"><span class='status pass' title='Pass'><i class='material-icons'>check_circle</i></span>When i opened orange hrm application using url as "url"</h6>

				</li>
				<li test-id='144' class='gc then Pass' status='Pass'>
					<h6 class="step-name" title="stepdefinitions.StepDefinitionsForCrossBrowsing.i_should_able_to_orange_hrm_logo()"><span class='status pass' title='Pass'><i class='material-icons'>check_circle</i></span>Then i should able to orange hrm logo</h6>

				</li>
				<li test-id='145' class='gc when Pass' status='Pass'>
					<h6 class="step-name" title="stepdefinitions.StepDefinitionsForCrossBrowsing.i_enter_username_as_and_password_as_in_login_field(java.lang.String,java.lang.String)"><span class='status pass' title='Pass'><i class='material-icons'>check_circle</i></span>When i enter username as "Admin" and password as "admin123" in login field</h6>

				</li>
				<li test-id='146' class='gc and Pass' status='Pass'>
					<h6 class="step-name" title="stepdefinitions.StepDefinitionsForCrossBrowsing.i_click_on_login_button()"><span class='status pass' title='Pass'><i class='material-icons'>check_circle</i></span>And i click on login button</h6>

				</li>
				<li test-id='152' class='gc then Pass' status='Pass'>
					<h6 class="step-name" title="stepdefinitions.StepDefinitionsForCrossBrowsing.i_should_see_the_dashboard()"><span class='status pass' title='Pass'><i class='material-icons'>check_circle</i></span>Then i should see the dashboard</h6>

				</li>
			</ul>
		</li>
		<li test-id='139' class='node scenario Pass' status='Pass'>
			<div class="step-name" title="()"><span class='status pass' title='Pass'><i class='material-icons'>check_circle</i></span>datadriven</div>

				<div class='category-list'>
						<span class='category label'>@datadriven</span>
				</div>

			<ul class='gc steps'>
				<li test-id='143' class='gc when Pass' status='Pass'>
					<h6 class="step-name" title="stepdefinitions.StepDefinitionsForCrossBrowsing.i_opened_orange_hrm_application_using_url_as(java.lang.String)"><span class='status pass' title='Pass'><i class='material-icons'>check_circle</i></span>When i opened orange hrm application using url as "url"</h6>

				</li>
				<li test-id='149' class='gc then Pass' status='Pass'>
					<h6 class="step-name" title="stepdefinitions.StepDefinitionsForCrossBrowsing.i_should_able_to_orange_hrm_logo()"><span class='status pass' title='Pass'><i class='material-icons'>check_circle</i></span>Then i should able to orange hrm logo</h6>

				</li>
				<li test-id='150' class='gc when Pass' status='Pass'>
					<h6 class="step-name" title="stepdefinitions.StepDefinitionsForCrossBrowsing.i_enter_username_as_and_password_as_in_login_field(java.lang.String,java.lang.String)"><span class='status pass' title='Pass'><i class='material-icons'>check_circle</i></span>When i enter username as "Admin" and password as "admin123" in login field</h6>

				</li>
				<li test-id='151' class='gc and Pass' status='Pass'>
					<h6 class="step-name" title="stepdefinitions.StepDefinitionsForCrossBrowsing.i_click_on_login_button()"><span class='status pass' title='Pass'><i class='material-icons'>check_circle</i></span>And i click on login button</h6>

				</li>
				<li test-id='154' class='gc then Pass' status='Pass'>
					<h6 class="step-name" title="stepdefinitions.StepDefinitionsForCrossBrowsing.i_should_see_the_dashboard()"><span class='status pass' title='Pass'><i class='material-icons'>check_circle</i></span>Then i should see the dashboard</h6>

				</li>
			</ul>
		</li>
	</ul>
</div>
					</div>
				</li>
			</ul>
		</div>
	</div>
	
	
	<!-- subview left -->
	<div class='subview-right left'>
		<div class='view-summary'>
			<div id='step-filters' class="right sr-filters">
				<a class="btn-floating waves-effect waves-light green" status="pass" alt="pass" title="pass"><i class="material-icons">check_circle</i></a>
				<a class="btn-floating waves-effect waves-light red" status="fail" alt="fail" title="fail"><i class="material-icons">cancel</i></a>
				<a class="btn-floating waves-effect waves-light red darken-4" status="fatal" alt="fatal" title="fatal"><i class="material-icons">cancel</i></a>
				<a class="btn-floating waves-effect waves-light pink text-lighten-1" status="error" alt="error" title="error"><i class="material-icons">error</i></a>
				<a class="btn-floating waves-effect waves-light orange" alt="warning" status="warning" title="warning"><i class="material-icons">warning</i></a>
				<a class="btn-floating waves-effect waves-light teal" status="skip" alt="skip" title="skip"><i class="material-icons">redo</i></a>
				<a class="btn-floating waves-effect waves-light grey" status="clear" alt="Clear filters" title="Clear filters"><i class="material-icons">clear</i></a>
			</div>
			<h5 class='test-name'></h5>
		</div>
	</div>
	<!-- subview right -->
</div>
<!-- test view --><div id='category-view' class='view hide'>
	<section id='controls'>
		<div class='controls grey lighten-4'>
			<!-- search -->
			<div class='chip transparent' alt='Search Tests' title='Search Tests'>
				<a href="#" class='search-div'>
				<i class='material-icons'>search</i> Search
				</a>
				<div class='input-field left hide'>
					<input id='search-tests' type='text' class='validate browser-default' placeholder='Search Tests...'>
				</div>
			</div>
			<!-- search -->
		</div>
	</section>
	<div class='subview-left left'>
		<div class='view-summary'>
			<ul id='category-collection' class='category-collection'>
				<li class='category displayed active'>
					<div class='category-heading'>
						<span class='category-name'>@datadriven</span>
						<span class='category-status right'>
						<span class='label pass'>6</span>
						<span class='label fail'>4</span>
						</span>
					</div>
					<div class='category-content hide'>
						<div class='category-status-counts'>
							<span status="pass" class='label green accent-4 white-text'>Passed: 6</span>
							<span status="fail" class='label red lighten-1 white-text'>Failed: 4</span>
							
						</div>
						<div class='category-tests'>
							<table class='bordered table-results'>
								<thead>
									<tr>
										<th>Timestamp</th>
										<th>TestName</th>
										<th>Status</th>
									</tr>
								</thead>
								<tbody>
									<tr>
										<td>Jul 29, 2022 05:22:56 pm</td>
										<td class='linked' test-id='81'>datadriven</td>
										<td><span class='test-status Fail'>Fail</span></td>
									</tr>
									<tr>
										<td>Jul 29, 2022 05:22:56 pm</td>
										<td class='linked' test-id='82'>datadriven</td>
										<td><span class='test-status Pass'>Pass</span></td>
									</tr>
									<tr>
										<td>Jul 29, 2022 05:22:57 pm</td>
										<td class='linked' test-id='85'>datadriven</td>
										<td><span class='test-status Pass'>Pass</span></td>
									</tr>
									<tr>
										<td>Jul 29, 2022 05:23:03 pm</td>
										<td class='linked' test-id='90'>datadriven</td>
										<td><span class='test-status Pass'>Pass</span></td>
									</tr>
									<tr>
										<td>Jul 29, 2022 05:23:20 pm</td>
										<td class='linked' test-id='104'>datadriven</td>
										<td><span class='test-status Fail'>Fail</span></td>
									</tr>
									<tr>
										<td>Jul 29, 2022 05:23:25 pm</td>
										<td class='linked' test-id='109'>datadriven</td>
										<td><span class='test-status Fail'>Fail</span></td>
									</tr>
									<tr>
										<td>Jul 29, 2022 05:23:25 pm</td>
										<td class='linked' test-id='117'>datadriven</td>
										<td><span class='test-status Pass'>Pass</span></td>
									</tr>
									<tr>
										<td>Jul 29, 2022 05:23:27 pm</td>
										<td class='linked' test-id='121'>datadriven</td>
										<td><span class='test-status Fail'>Fail</span></td>
									</tr>
									<tr>
										<td>Jul 29, 2022 05:23:35 pm</td>
										<td class='linked' test-id='130'>datadriven</td>
										<td><span class='test-status Pass'>Pass</span></td>
									</tr>
									<tr>
										<td>Jul 29, 2022 05:23:47 pm</td>
										<td class='linked' test-id='139'>datadriven</td>
										<td><span class='test-status Pass'>Pass</span></td>
									</tr>
								</tbody>
							</table>
						</div>
					</div>
				</li>
				<li class='category displayed active'>
					<div class='category-heading'>
						<span class='category-name'>@addTariff</span>
						<span class='category-status right'>
						<span class='label pass'>1</span>
						<span class='label fail'>2</span>
						</span>
					</div>
					<div class='category-content hide'>
						<div class='category-status-counts'>
							<span status="pass" class='label green accent-4 white-text'>Passed: 1</span>
							<span status="fail" class='label red lighten-1 white-text'>Failed: 2</span>
							
						</div>
						<div class='category-tests'>
							<table class='bordered table-results'>
								<thead>
									<tr>
										<th>Timestamp</th>
										<th>TestName</th>
										<th>Status</th>
									</tr>
								</thead>
								<tbody>
									<tr>
										<td>Jul 29, 2022 05:20:17 pm</td>
										<td class='linked' test-id='26'>Add tariff</td>
										<td><span class='test-status Pass'>Pass</span></td>
									</tr>
									<tr>
										<td>Jul 29, 2022 05:20:59 pm</td>
										<td class='linked' test-id='29'>Add tariff</td>
										<td><span class='test-status Fail'>Fail</span></td>
									</tr>
									<tr>
										<td>Jul 29, 2022 05:21:23 pm</td>
										<td class='linked' test-id='37'>Add tariff</td>
										<td><span class='test-status Fail'>Fail</span></td>
									</tr>
								</tbody>
							</table>
						</div>
					</div>
				</li>
				<li class='category displayed active'>
					<div class='category-heading'>
						<span class='category-name'>@login</span>
						<span class='category-status right'>
						<span class='label pass'>3</span>
						</span>
					</div>
					<div class='category-content hide'>
						<div class='category-status-counts'>
							<span status="pass" class='label green accent-4 white-text'>Passed: 3</span>
							
							
						</div>
						<div class='category-tests'>
							<table class='bordered table-results'>
								<thead>
									<tr>
										<th>Timestamp</th>
										<th>TestName</th>
										<th>Status</th>
									</tr>
								</thead>
								<tbody>
									<tr>
										<td>Jul 29, 2022 05:22:29 pm</td>
										<td class='linked' test-id='49'>login</td>
										<td><span class='test-status Pass'>Pass</span></td>
									</tr>
									<tr>
										<td>Jul 29, 2022 05:22:32 pm</td>
										<td class='linked' test-id='55'>login</td>
										<td><span class='test-status Pass'>Pass</span></td>
									</tr>
									<tr>
										<td>Jul 29, 2022 05:22:45 pm</td>
										<td class='linked' test-id='65'>login</td>
										<td><span class='test-status Pass'>Pass</span></td>
									</tr>
								</tbody>
							</table>
						</div>
					</div>
				</li>
			</ul>
		</div>
	</div>
	<div class='subview-right left'>
		<div class='view-summary'>
			<h5 class='category-name'></h5>
		</div>
	</div>
</div>
<!-- category view --><div id='exception-view' class='view hide'>
	<section id='controls'>
		<div class='controls grey lighten-4'>
			<!-- search -->
			<div class='chip transparent' alt='Search Tests' title='Search Tests'>
				<a href="#" class='search-div'>
				<i class='material-icons'>search</i> Search
				</a>
				<div class='input-field left hide'>
					<input id='search-tests' type='text' class='validate browser-default' placeholder='Search Tests...'>
				</div>
			</div>
			<!-- search -->
		</div>
	</section>
	<div class='subview-left left'>
		<div class='view-summary'>
			<ul id='exception-collection' class='exception-collection'>
				<li class='exception displayed active'>
					<div class='exception-heading'>
						<span class='exception-name'>org.openqa.selenium.SessionNotCreatedException</span>
						<span class='exception-count right'><span class='label red lighten-1 white-text'>1</span></span>
					</div>
					<div class='exception-content hide'>
						<div class='exception-tests'>
							<table class='bordered table-results'>
								<thead>
									<tr>
										<th>Timestamp</th>
										<th>TestName</th>
										<th>StackTrace</th>
									</tr>
								</thead>
								<tbody>
									<tr>
										<td>Jul 29, 2022 05:23:25 pm</td>
										<td class='linked' test-id='110'>stepdefinitions.StepDefinitionsForCrossBrowsing.i_setup_browser()</td>
										<td>
											<textarea disabled class="code-block">org.openqa.selenium.SessionNotCreatedException: Could not start a new session. Possible causes are invalid address of the remote server or browser start-up failure.
Build info: version: '4.3.0', revision: 'a4995e2c09*'
System info: host: 'DESKTOP-5G78EO0', ip: '192.168.43.47', os.name: 'Windows 10', os.arch: 'amd64', os.version: '10.0', java.version: '17.0.2'
Driver info: org.openqa.selenium.firefox.FirefoxDriver
Command: [null, newSession {capabilities=[Capabilities {acceptInsecureCerts: true, browserName: firefox, moz:debuggerAddress: true, moz:firefoxOptions: {}}], desiredCapabilities=Capabilities {acceptInsecureCerts: true, browserName: firefox, moz:debuggerAddress: true, moz:firefoxOptions: {}}}]
	at org.openqa.selenium.remote.RemoteWebDriver.execute(RemoteWebDriver.java:587)
	at org.openqa.selenium.remote.RemoteWebDriver.startSession(RemoteWebDriver.java:264)
	at org.openqa.selenium.remote.RemoteWebDriver.<init>(RemoteWebDriver.java:179)
	at org.openqa.selenium.firefox.FirefoxDriver.<init>(FirefoxDriver.java:110)
	at org.openqa.selenium.firefox.FirefoxDriver.<init>(FirefoxDriver.java:98)
	at org.openqa.selenium.firefox.FirefoxDriver.<init>(FirefoxDriver.java:94)
	at stepdefinitions.StepDefinitionsForCrossBrowsing.i_setup_browser(StepDefinitionsForCrossBrowsing.java:54)
Caused by: java.io.UncheckedIOException: java.net.ConnectException: Connection refused: no further information: localhost/[0:0:0:0:0:0:0:1]:49237
	at org.openqa.selenium.remote.http.netty.NettyHttpHandler.makeCall(NettyHttpHandler.java:73)
	at org.openqa.selenium.remote.http.AddSeleniumUserAgent.lambda$apply$0(AddSeleniumUserAgent.java:42)
	at org.openqa.selenium.remote.http.Filter.lambda$andFinally$1(Filter.java:56)
	at org.openqa.selenium.remote.http.netty.NettyHttpHandler.execute(NettyHttpHandler.java:49)
	at org.openqa.selenium.remote.http.AddSeleniumUserAgent.lambda$apply$0(AddSeleniumUserAgent.java:42)
	at org.openqa.selenium.remote.http.Filter.lambda$andFinally$1(Filter.java:56)
	at org.openqa.selenium.remote.http.netty.NettyClient.execute(NettyClient.java:98)
	at org.openqa.selenium.remote.ProtocolHandshake.createSession(ProtocolHandshake.java:120)
	at org.openqa.selenium.remote.ProtocolHandshake.createSession(ProtocolHandshake.java:102)
	at org.openqa.selenium.remote.ProtocolHandshake.createSession(ProtocolHandshake.java:67)
	at org.openqa.selenium.remote.HttpCommandExecutor.execute(HttpCommandExecutor.java:156)
	at org.openqa.selenium.remote.service.DriverCommandExecutor.invokeExecute(DriverCommandExecutor.java:167)
	at org.openqa.selenium.remote.service.DriverCommandExecutor.execute(DriverCommandExecutor.java:142)
	at org.openqa.selenium.remote.RemoteWebDriver.execute(RemoteWebDriver.java:569)
	at org.openqa.selenium.remote.RemoteWebDriver.startSession(RemoteWebDriver.java:264)
	at org.openqa.selenium.remote.RemoteWebDriver.<init>(RemoteWebDriver.java:179)
	at org.openqa.selenium.firefox.FirefoxDriver.<init>(FirefoxDriver.java:110)
	at org.openqa.selenium.firefox.FirefoxDriver.<init>(FirefoxDriver.java:98)
	at org.openqa.selenium.firefox.FirefoxDriver.<init>(FirefoxDriver.java:94)
	at stepdefinitions.StepDefinitionsForCrossBrowsing.i_setup_browser(StepDefinitionsForCrossBrowsing.java:54)
	at java.base/jdk.internal.reflect.NativeMethodAccessorImpl.invoke0(Native Method)
	at java.base/jdk.internal.reflect.NativeMethodAccessorImpl.invoke(NativeMethodAccessorImpl.java:77)
	at java.base/jdk.internal.reflect.DelegatingMethodAccessorImpl.invoke(DelegatingMethodAccessorImpl.java:43)
	at java.base/java.lang.reflect.Method.invoke(Method.java:568)
	at io.cucumber.java.Invoker.doInvoke(Invoker.java:66)
	at io.cucumber.java.Invoker.invoke(Invoker.java:24)
	at io.cucumber.java.AbstractGlueDefinition.invokeMethod(AbstractGlueDefinition.java:47)
	at io.cucumber.java.JavaHookDefinition.execute(JavaHookDefinition.java:64)
	at io.cucumber.core.runner.CoreHookDefinition.execute(CoreHookDefinition.java:46)
	at io.cucumber.core.runner.HookDefinitionMatch.runStep(HookDefinitionMatch.java:21)
	at io.cucumber.core.runner.ExecutionMode$1.execute(ExecutionMode.java:10)
	at io.cucumber.core.runner.TestStep.executeStep(TestStep.java:85)
	at io.cucumber.core.runner.TestStep.run(TestStep.java:57)
	at io.cucumber.core.runner.TestCase.run(TestCase.java:78)
	at io.cucumber.core.runner.Runner.runPickle(Runner.java:75)
	at io.cucumber.testng.TestNGCucumberRunner.lambda$runScenario$1(TestNGCucumberRunner.java:132)
	at io.cucumber.core.runtime.CucumberExecutionContext.lambda$runTestCase$5(CucumberExecutionContext.java:129)
	at io.cucumber.core.runtime.RethrowingThrowableCollector.executeAndThrow(RethrowingThrowableCollector.java:23)
	at io.cucumber.core.runtime.CucumberExecutionContext.runTestCase(CucumberExecutionContext.java:129)
	at io.cucumber.testng.TestNGCucumberRunner.runScenario(TestNGCucumberRunner.java:129)
	at io.cucumber.testng.AbstractTestNGCucumberTests.runScenario(AbstractTestNGCucumberTests.java:35)
	at java.base/jdk.internal.reflect.NativeMethodAccessorImpl.invoke0(Native Method)
	at java.base/jdk.internal.reflect.NativeMethodAccessorImpl.invoke(NativeMethodAccessorImpl.java:77)
	at java.base/jdk.internal.reflect.DelegatingMethodAccessorImpl.invoke(DelegatingMethodAccessorImpl.java:43)
	at java.base/java.lang.reflect.Method.invoke(Method.java:568)
	at org.testng.internal.invokers.MethodInvocationHelper.invokeMethod(MethodInvocationHelper.java:139)
	at org.testng.internal.invokers.TestInvoker.invokeMethod(TestInvoker.java:677)
	at org.testng.internal.invokers.TestInvoker.invokeTestMethod(TestInvoker.java:221)
	at org.testng.internal.invokers.MethodRunner.runInSequence(MethodRunner.java:50)
	at org.testng.internal.invokers.TestInvoker$MethodInvocationAgent.invoke(TestInvoker.java:962)
	at org.testng.internal.invokers.TestInvoker.invokeTestMethods(TestInvoker.java:194)
	at org.testng.internal.invokers.TestMethodWorker.invokeTestMethods(TestMethodWorker.java:148)
	at org.testng.internal.invokers.TestMethodWorker.run(TestMethodWorker.java:128)
	at java.base/java.util.ArrayList.forEach(ArrayList.java:1511)
	at org.testng.TestRunner.privateRun(TestRunner.java:806)
	at org.testng.TestRunner.run(TestRunner.java:601)
	at org.testng.SuiteRunner.runTest(SuiteRunner.java:433)
	at org.testng.SuiteRunner$SuiteWorker.run(SuiteRunner.java:471)
	at org.testng.internal.thread.ThreadUtil.lambda$execute$0(ThreadUtil.java:58)
	at java.base/java.util.concurrent.FutureTask.run(FutureTask.java:264)
	at java.base/java.util.concurrent.ThreadPoolExecutor.runWorker(ThreadPoolExecutor.java:1136)
	at java.base/java.util.concurrent.ThreadPoolExecutor$Worker.run(ThreadPoolExecutor.java:635)
	at java.base/java.lang.Thread.run(Thread.java:833)
Caused by: java.net.ConnectException: Connection refused: no further information: localhost/[0:0:0:0:0:0:0:1]:49237
	at org.asynchttpclient.netty.channel.NettyConnectListener.onFailure(NettyConnectListener.java:179)
	at org.asynchttpclient.netty.channel.NettyChannelConnector$1.onFailure(NettyChannelConnector.java:108)
	at org.asynchttpclient.netty.SimpleChannelFutureListener.operationComplete(SimpleChannelFutureListener.java:28)
	at org.asynchttpclient.netty.SimpleChannelFutureListener.operationComplete(SimpleChannelFutureListener.java:20)
	at io.netty.util.concurrent.DefaultPromise.notifyListener0(DefaultPromise.java:578)
	at io.netty.util.concurrent.DefaultPromise.notifyListeners0(DefaultPromise.java:571)
	at io.netty.util.concurrent.DefaultPromise.notifyListenersNow(DefaultPromise.java:550)
	at io.netty.util.concurrent.DefaultPromise.notifyListeners(DefaultPromise.java:491)
	at io.netty.util.concurrent.DefaultPromise.setValue0(DefaultPromise.java:616)
	at io.netty.util.concurrent.DefaultPromise.setFailure0(DefaultPromise.java:609)
	at io.netty.util.concurrent.DefaultPromise.tryFailure(DefaultPromise.java:117)
	at io.netty.channel.nio.AbstractNioChannel$AbstractNioUnsafe.fulfillConnectPromise(AbstractNioChannel.java:321)
	at io.netty.channel.nio.AbstractNioChannel$AbstractNioUnsafe.finishConnect(AbstractNioChannel.java:337)
	at io.netty.channel.nio.NioEventLoop.processSelectedKey(NioEventLoop.java:710)
	at io.netty.channel.nio.NioEventLoop.processSelectedKeysOptimized(NioEventLoop.java:658)
	at io.netty.channel.nio.NioEventLoop.processSelectedKeys(NioEventLoop.java:584)
	at io.netty.channel.nio.NioEventLoop.run(NioEventLoop.java:496)
	at io.netty.util.concurrent.SingleThreadEventExecutor$4.run(SingleThreadEventExecutor.java:997)
	at io.netty.util.internal.ThreadExecutorMap$2.run(ThreadExecutorMap.java:74)
	at io.netty.util.concurrent.FastThreadLocalRunnable.run(FastThreadLocalRunnable.java:30)
	... 1 more
Caused by: io.netty.channel.AbstractChannel$AnnotatedConnectException: Connection refused: no further information: localhost/[0:0:0:0:0:0:0:1]:49237
Caused by: java.net.ConnectException: Connection refused: no further information
	at java.base/sun.nio.ch.Net.pollConnect(Native Method)
	at java.base/sun.nio.ch.Net.pollConnectNow(Net.java:672)
	at java.base/sun.nio.ch.SocketChannelImpl.finishConnect(SocketChannelImpl.java:946)
	at io.netty.channel.socket.nio.NioSocketChannel.doFinishConnect(NioSocketChannel.java:337)
	at io.netty.channel.nio.AbstractNioChannel$AbstractNioUnsafe.finishConnect(AbstractNioChannel.java:334)
	at io.netty.channel.nio.NioEventLoop.processSelectedKey(NioEventLoop.java:710)
	at io.netty.channel.nio.NioEventLoop.processSelectedKeysOptimized(NioEventLoop.java:658)
	at io.netty.channel.nio.NioEventLoop.processSelectedKeys(NioEventLoop.java:584)
	at io.netty.channel.nio.NioEventLoop.run(NioEventLoop.java:496)
	at io.netty.util.concurrent.SingleThreadEventExecutor$4.run(SingleThreadEventExecutor.java:997)
	at io.netty.util.internal.ThreadExecutorMap$2.run(ThreadExecutorMap.java:74)
	at io.netty.util.concurrent.FastThreadLocalRunnable.run(FastThreadLocalRunnable.java:30)
	at java.base/java.lang.Thread.run(Thread.java:833)
</textarea>
										</td>
									</tr>
								</tbody>
							</table>
						</div>
					</div>
				</li>
				<li class='exception displayed active'>
					<div class='exception-heading'>
						<span class='exception-name'>java.lang.NullPointerException</span>
						<span class='exception-count right'><span class='label red lighten-1 white-text'>1</span></span>
					</div>
					<div class='exception-content hide'>
						<div class='exception-tests'>
							<table class='bordered table-results'>
								<thead>
									<tr>
										<th>Timestamp</th>
										<th>TestName</th>
										<th>StackTrace</th>
									</tr>
								</thead>
								<tbody>
									<tr>
										<td>Jul 29, 2022 05:23:25 pm</td>
										<td class='linked' test-id='116'>stepdefinitions.StepDefinitionsForCrossBrowsing.getScreenShot(io.cucumber.java.Scenario)</td>
										<td>
											<textarea disabled class="code-block">java.lang.NullPointerException: Cannot invoke "org.openqa.selenium.TakesScreenshot.getScreenshotAs(org.openqa.selenium.OutputType)" because "this.driver" is null
	at stepdefinitions.StepDefinitionsForCrossBrowsing.getScreenShot(StepDefinitionsForCrossBrowsing.java:206)
</textarea>
										</td>
									</tr>
								</tbody>
							</table>
						</div>
					</div>
				</li>
				<li class='exception displayed active'>
					<div class='exception-heading'>
						<span class='exception-name'>org.openqa.selenium.WebDriverException</span>
						<span class='exception-count right'><span class='label red lighten-1 white-text'>2</span></span>
					</div>
					<div class='exception-content hide'>
						<div class='exception-tests'>
							<table class='bordered table-results'>
								<thead>
									<tr>
										<th>Timestamp</th>
										<th>TestName</th>
										<th>StackTrace</th>
									</tr>
								</thead>
								<tbody>
									<tr>
										<td>Jul 29, 2022 05:19:59 pm</td>
										<td class='linked' test-id='13'>And click on telecom project link</td>
										<td>
											<textarea disabled class="code-block">org.openqa.selenium.WebDriverException: unknown error: cannot determine loading status
from unknown error: unexpected command response
  (Session info: chrome=103.0.5060.53)
Build info: version: '4.3.0', revision: 'a4995e2c09*'
System info: host: 'DESKTOP-5G78EO0', ip: '192.168.43.47', os.name: 'Windows 10', os.arch: 'amd64', os.version: '10.0', java.version: '17.0.2'
Driver info: org.openqa.selenium.chrome.ChromeDriver
Command: [d12909b0ae68224a802421aff274f040, clickElement {id=8895c1f2-0da6-4302-ad3b-675fa1086859}]
Capabilities {acceptInsecureCerts: false, browserName: chrome, browserVersion: 103.0.5060.53, chrome: {chromedriverVersion: 103.0.5060.53 (a1711811edd7..., userDataDir: C:\Users\Dell\AppData\Local...}, goog:chromeOptions: {debuggerAddress: localhost:63890}, networkConnectionEnabled: false, pageLoadStrategy: normal, platformName: WINDOWS, proxy: Proxy(), se:cdp: ws://localhost:63890/devtoo..., se:cdpVersion: 103.0.5060.53, setWindowRect: true, strictFileInteractability: false, timeouts: {implicit: 0, pageLoad: 300000, script: 30000}, unhandledPromptBehavior: dismiss and notify, webauthn:extension:credBlob: true, webauthn:extension:largeBlob: true, webauthn:virtualAuthenticators: true}
Element: [[ChromeDriver: chrome on WINDOWS (d12909b0ae68224a802421aff274f040)] -> link text: Telecom Project]
Session ID: d12909b0ae68224a802421aff274f040
	at java.base/jdk.internal.reflect.NativeConstructorAccessorImpl.newInstance0(Native Method)
	at java.base/jdk.internal.reflect.NativeConstructorAccessorImpl.newInstance(NativeConstructorAccessorImpl.java:77)
	at java.base/jdk.internal.reflect.DelegatingConstructorAccessorImpl.newInstance(DelegatingConstructorAccessorImpl.java:45)
	at java.base/java.lang.reflect.Constructor.newInstanceWithCaller(Constructor.java:499)
	at java.base/java.lang.reflect.Constructor.newInstance(Constructor.java:480)
	at org.openqa.selenium.remote.codec.w3c.W3CHttpResponseCodec.createException(W3CHttpResponseCodec.java:200)
	at org.openqa.selenium.remote.codec.w3c.W3CHttpResponseCodec.decode(W3CHttpResponseCodec.java:133)
	at org.openqa.selenium.remote.codec.w3c.W3CHttpResponseCodec.decode(W3CHttpResponseCodec.java:53)
	at org.openqa.selenium.remote.HttpCommandExecutor.execute(HttpCommandExecutor.java:184)
	at org.openqa.selenium.remote.service.DriverCommandExecutor.invokeExecute(DriverCommandExecutor.java:167)
	at org.openqa.selenium.remote.service.DriverCommandExecutor.execute(DriverCommandExecutor.java:142)
	at org.openqa.selenium.remote.RemoteWebDriver.execute(RemoteWebDriver.java:569)
	at org.openqa.selenium.remote.RemoteWebElement.execute(RemoteWebElement.java:257)
	at org.openqa.selenium.remote.RemoteWebElement.click(RemoteWebElement.java:78)
	at java.base/jdk.internal.reflect.NativeMethodAccessorImpl.invoke0(Native Method)
	at java.base/jdk.internal.reflect.NativeMethodAccessorImpl.invoke(NativeMethodAccessorImpl.java:77)
	at java.base/jdk.internal.reflect.DelegatingMethodAccessorImpl.invoke(DelegatingMethodAccessorImpl.java:43)
	at java.base/java.lang.reflect.Method.invoke(Method.java:568)
	at org.openqa.selenium.support.pagefactory.internal.LocatingElementHandler.invoke(LocatingElementHandler.java:52)
	at jdk.proxy2/jdk.proxy2.$Proxy33.click(Unknown Source)
	at stepdefinitions.StepDefinitionsForCrossBrowsing.click_on_telecom_project_link(StepDefinitionsForCrossBrowsing.java:131)
	at ?.click on telecom project link(file:///D:/workspace/Practice/src/test/resources/parallel/CreateNewCustomer.feature:7)
</textarea>
										</td>
									</tr>
									<tr>
										<td>Jul 29, 2022 05:22:28 pm</td>
										<td class='linked' test-id='47'>When i click on add tariff plan</td>
										<td>
											<textarea disabled class="code-block">org.openqa.selenium.WebDriverException: unknown error: cannot determine loading status
from unknown error: unexpected command response
  (Session info: chrome=103.0.5060.53)
Build info: version: '4.3.0', revision: 'a4995e2c09*'
System info: host: 'DESKTOP-5G78EO0', ip: '192.168.43.47', os.name: 'Windows 10', os.arch: 'amd64', os.version: '10.0', java.version: '17.0.2'
Driver info: org.openqa.selenium.chrome.ChromeDriver
Command: [d12909b0ae68224a802421aff274f040, clickElement {id=8895c1f2-0da6-4302-ad3b-675fa1086859}]
Capabilities {acceptInsecureCerts: false, browserName: chrome, browserVersion: 103.0.5060.53, chrome: {chromedriverVersion: 103.0.5060.53 (a1711811edd7..., userDataDir: C:\Users\Dell\AppData\Local...}, goog:chromeOptions: {debuggerAddress: localhost:63890}, networkConnectionEnabled: false, pageLoadStrategy: normal, platformName: WINDOWS, proxy: Proxy(), se:cdp: ws://localhost:63890/devtoo..., se:cdpVersion: 103.0.5060.53, setWindowRect: true, strictFileInteractability: false, timeouts: {implicit: 0, pageLoad: 300000, script: 30000}, unhandledPromptBehavior: dismiss and notify, webauthn:extension:credBlob: true, webauthn:extension:largeBlob: true, webauthn:virtualAuthenticators: true}
Element: [[ChromeDriver: chrome on WINDOWS (d12909b0ae68224a802421aff274f040)] -> link text: Telecom Project]
Session ID: d12909b0ae68224a802421aff274f040
	at java.base/jdk.internal.reflect.NativeConstructorAccessorImpl.newInstance0(Native Method)
	at java.base/jdk.internal.reflect.NativeConstructorAccessorImpl.newInstance(NativeConstructorAccessorImpl.java:77)
	at java.base/jdk.internal.reflect.DelegatingConstructorAccessorImpl.newInstance(DelegatingConstructorAccessorImpl.java:45)
	at java.base/java.lang.reflect.Constructor.newInstanceWithCaller(Constructor.java:499)
	at java.base/java.lang.reflect.Constructor.newInstance(Constructor.java:480)
	at org.openqa.selenium.remote.codec.w3c.W3CHttpResponseCodec.createException(W3CHttpResponseCodec.java:200)
	at org.openqa.selenium.remote.codec.w3c.W3CHttpResponseCodec.decode(W3CHttpResponseCodec.java:133)
	at org.openqa.selenium.remote.codec.w3c.W3CHttpResponseCodec.decode(W3CHttpResponseCodec.java:53)
	at org.openqa.selenium.remote.HttpCommandExecutor.execute(HttpCommandExecutor.java:184)
	at org.openqa.selenium.remote.service.DriverCommandExecutor.invokeExecute(DriverCommandExecutor.java:167)
	at org.openqa.selenium.remote.service.DriverCommandExecutor.execute(DriverCommandExecutor.java:142)
	at org.openqa.selenium.remote.RemoteWebDriver.execute(RemoteWebDriver.java:569)
	at org.openqa.selenium.remote.RemoteWebElement.execute(RemoteWebElement.java:257)
	at org.openqa.selenium.remote.RemoteWebElement.click(RemoteWebElement.java:78)
	at java.base/jdk.internal.reflect.NativeMethodAccessorImpl.invoke0(Native Method)
	at java.base/jdk.internal.reflect.NativeMethodAccessorImpl.invoke(NativeMethodAccessorImpl.java:77)
	at java.base/jdk.internal.reflect.DelegatingMethodAccessorImpl.invoke(DelegatingMethodAccessorImpl.java:43)
	at java.base/java.lang.reflect.Method.invoke(Method.java:568)
	at org.openqa.selenium.support.pagefactory.internal.LocatingElementHandler.invoke(LocatingElementHandler.java:52)
	at jdk.proxy2/jdk.proxy2.$Proxy33.click(Unknown Source)
	at stepdefinitions.StepDefinitionsForCrossBrowsing.click_on_telecom_project_link(StepDefinitionsForCrossBrowsing.java:131)
	at ?.click on telecom project link(file:///D:/workspace/Practice/src/test/resources/parallel/CreateNewCustomer.feature:7)
</textarea>
										</td>
									</tr>
								</tbody>
							</table>
						</div>
					</div>
				</li>
				<li class='exception displayed active'>
					<div class='exception-heading'>
						<span class='exception-name'>org.openqa.selenium.NoSuchElementException</span>
						<span class='exception-count right'><span class='label red lighten-1 white-text'>5</span></span>
					</div>
					<div class='exception-content hide'>
						<div class='exception-tests'>
							<table class='bordered table-results'>
								<thead>
									<tr>
										<th>Timestamp</th>
										<th>TestName</th>
										<th>StackTrace</th>
									</tr>
								</thead>
								<tbody>
									<tr>
										<td>Jul 29, 2022 05:20:09 pm</td>
										<td class='linked' test-id='19'>And click on telecom project link</td>
										<td>
											<textarea disabled class="code-block">org.openqa.selenium.NoSuchElementException: Unable to locate element: #google_ads_iframe_\/24132379\/INTERSTITIAL_DemoGuru99_0__container__
For documentation on this error, please visit: https://selenium.dev/exceptions/#no_such_element
Build info: version: '4.3.0', revision: 'a4995e2c09*'
System info: host: 'DESKTOP-5G78EO0', ip: '192.168.43.47', os.name: 'Windows 10', os.arch: 'amd64', os.version: '10.0', java.version: '17.0.2'
Driver info: org.openqa.selenium.firefox.FirefoxDriver
Command: [e7862f6a-3263-4ab5-a4d8-09674f360697, findElement {using=id, value=google_ads_iframe_/24132379/INTERSTITIAL_DemoGuru99_0__container__}]
Capabilities {acceptInsecureCerts: true, browserName: firefox, browserVersion: 103.0, moz:accessibilityChecks: false, moz:buildID: 20220718155818, moz:debuggerAddress: localhost:56446, moz:geckodriverVersion: 0.31.0, moz:headless: false, moz:platformVersion: 10.0, moz:processID: 4872, moz:profile: C:\Users\Dell\AppData\Local..., moz:shutdownTimeout: 60000, moz:useNonSpecCompliantPointerOrigin: false, moz:webdriverClick: true, moz:windowless: false, pageLoadStrategy: normal, platformName: WINDOWS, proxy: Proxy(), se:cdp: ws://localhost:56446/devtoo..., se:cdpVersion: 85.0, setWindowRect: true, strictFileInteractability: false, timeouts: {implicit: 0, pageLoad: 300000, script: 30000}, unhandledPromptBehavior: dismiss and notify}
Session ID: e7862f6a-3263-4ab5-a4d8-09674f360697
	at java.base/jdk.internal.reflect.NativeConstructorAccessorImpl.newInstance0(Native Method)
	at java.base/jdk.internal.reflect.NativeConstructorAccessorImpl.newInstance(NativeConstructorAccessorImpl.java:77)
	at java.base/jdk.internal.reflect.DelegatingConstructorAccessorImpl.newInstance(DelegatingConstructorAccessorImpl.java:45)
	at java.base/java.lang.reflect.Constructor.newInstanceWithCaller(Constructor.java:499)
	at java.base/java.lang.reflect.Constructor.newInstance(Constructor.java:480)
	at org.openqa.selenium.remote.codec.w3c.W3CHttpResponseCodec.createException(W3CHttpResponseCodec.java:200)
	at org.openqa.selenium.remote.codec.w3c.W3CHttpResponseCodec.decode(W3CHttpResponseCodec.java:133)
	at org.openqa.selenium.remote.codec.w3c.W3CHttpResponseCodec.decode(W3CHttpResponseCodec.java:53)
	at org.openqa.selenium.remote.HttpCommandExecutor.execute(HttpCommandExecutor.java:184)
	at org.openqa.selenium.remote.service.DriverCommandExecutor.invokeExecute(DriverCommandExecutor.java:167)
	at org.openqa.selenium.remote.service.DriverCommandExecutor.execute(DriverCommandExecutor.java:142)
	at org.openqa.selenium.remote.RemoteWebDriver.execute(RemoteWebDriver.java:569)
	at org.openqa.selenium.remote.ElementLocation$ElementFinder$2.findElement(ElementLocation.java:162)
	at org.openqa.selenium.remote.ElementLocation.findElement(ElementLocation.java:60)
	at org.openqa.selenium.remote.RemoteWebDriver.findElement(RemoteWebDriver.java:387)
	at org.openqa.selenium.remote.RemoteWebDriver.findElement(RemoteWebDriver.java:379)
	at PageObjectModel.HomePage.removeAdd(HomePage.java:52)
	at stepdefinitions.StepDefinitionsForCrossBrowsing.click_on_telecom_project_link(StepDefinitionsForCrossBrowsing.java:133)
	at ?.click on telecom project link(file:///D:/workspace/Practice/src/test/resources/parallel/CreateNewCustomer.feature:7)
</textarea>
										</td>
									</tr>
									<tr>
										<td>Jul 29, 2022 05:20:11 pm</td>
										<td class='linked' test-id='20'>And click on telecom project link</td>
										<td>
											<textarea disabled class="code-block">org.openqa.selenium.NoSuchElementException: Unable to locate element: #google_ads_iframe_\/24132379\/INTERSTITIAL_DemoGuru99_0__container__
For documentation on this error, please visit: https://selenium.dev/exceptions/#no_such_element
Build info: version: '4.3.0', revision: 'a4995e2c09*'
System info: host: 'DESKTOP-5G78EO0', ip: '192.168.43.47', os.name: 'Windows 10', os.arch: 'amd64', os.version: '10.0', java.version: '17.0.2'
Driver info: org.openqa.selenium.firefox.FirefoxDriver
Command: [e7862f6a-3263-4ab5-a4d8-09674f360697, findElement {using=id, value=google_ads_iframe_/24132379/INTERSTITIAL_DemoGuru99_0__container__}]
Capabilities {acceptInsecureCerts: true, browserName: firefox, browserVersion: 103.0, moz:accessibilityChecks: false, moz:buildID: 20220718155818, moz:debuggerAddress: localhost:56446, moz:geckodriverVersion: 0.31.0, moz:headless: false, moz:platformVersion: 10.0, moz:processID: 4872, moz:profile: C:\Users\Dell\AppData\Local..., moz:shutdownTimeout: 60000, moz:useNonSpecCompliantPointerOrigin: false, moz:webdriverClick: true, moz:windowless: false, pageLoadStrategy: normal, platformName: WINDOWS, proxy: Proxy(), se:cdp: ws://localhost:56446/devtoo..., se:cdpVersion: 85.0, setWindowRect: true, strictFileInteractability: false, timeouts: {implicit: 0, pageLoad: 300000, script: 30000}, unhandledPromptBehavior: dismiss and notify}
Session ID: e7862f6a-3263-4ab5-a4d8-09674f360697
	at java.base/jdk.internal.reflect.NativeConstructorAccessorImpl.newInstance0(Native Method)
	at java.base/jdk.internal.reflect.NativeConstructorAccessorImpl.newInstance(NativeConstructorAccessorImpl.java:77)
	at java.base/jdk.internal.reflect.DelegatingConstructorAccessorImpl.newInstance(DelegatingConstructorAccessorImpl.java:45)
	at java.base/java.lang.reflect.Constructor.newInstanceWithCaller(Constructor.java:499)
	at java.base/java.lang.reflect.Constructor.newInstance(Constructor.java:480)
	at org.openqa.selenium.remote.codec.w3c.W3CHttpResponseCodec.createException(W3CHttpResponseCodec.java:200)
	at org.openqa.selenium.remote.codec.w3c.W3CHttpResponseCodec.decode(W3CHttpResponseCodec.java:133)
	at org.openqa.selenium.remote.codec.w3c.W3CHttpResponseCodec.decode(W3CHttpResponseCodec.java:53)
	at org.openqa.selenium.remote.HttpCommandExecutor.execute(HttpCommandExecutor.java:184)
	at org.openqa.selenium.remote.service.DriverCommandExecutor.invokeExecute(DriverCommandExecutor.java:167)
	at org.openqa.selenium.remote.service.DriverCommandExecutor.execute(DriverCommandExecutor.java:142)
	at org.openqa.selenium.remote.RemoteWebDriver.execute(RemoteWebDriver.java:569)
	at org.openqa.selenium.remote.ElementLocation$ElementFinder$2.findElement(ElementLocation.java:162)
	at org.openqa.selenium.remote.ElementLocation.findElement(ElementLocation.java:60)
	at org.openqa.selenium.remote.RemoteWebDriver.findElement(RemoteWebDriver.java:387)
	at org.openqa.selenium.remote.RemoteWebDriver.findElement(RemoteWebDriver.java:379)
	at PageObjectModel.HomePage.removeAdd(HomePage.java:52)
	at stepdefinitions.StepDefinitionsForCrossBrowsing.click_on_telecom_project_link(StepDefinitionsForCrossBrowsing.java:133)
	at ?.click on telecom project link(file:///D:/workspace/Practice/src/test/resources/parallel/CreateNewCustomer.feature:7)
</textarea>
										</td>
									</tr>
									<tr>
										<td>Jul 29, 2022 05:22:35 pm</td>
										<td class='linked' test-id='59'>And click on telecom project link</td>
										<td>
											<textarea disabled class="code-block">org.openqa.selenium.NoSuchElementException: Unable to locate element: #google_ads_iframe_\/24132379\/INTERSTITIAL_DemoGuru99_0__container__
For documentation on this error, please visit: https://selenium.dev/exceptions/#no_such_element
Build info: version: '4.3.0', revision: 'a4995e2c09*'
System info: host: 'DESKTOP-5G78EO0', ip: '192.168.43.47', os.name: 'Windows 10', os.arch: 'amd64', os.version: '10.0', java.version: '17.0.2'
Driver info: org.openqa.selenium.firefox.FirefoxDriver
Command: [e7862f6a-3263-4ab5-a4d8-09674f360697, findElement {using=id, value=google_ads_iframe_/24132379/INTERSTITIAL_DemoGuru99_0__container__}]
Capabilities {acceptInsecureCerts: true, browserName: firefox, browserVersion: 103.0, moz:accessibilityChecks: false, moz:buildID: 20220718155818, moz:debuggerAddress: localhost:56446, moz:geckodriverVersion: 0.31.0, moz:headless: false, moz:platformVersion: 10.0, moz:processID: 4872, moz:profile: C:\Users\Dell\AppData\Local..., moz:shutdownTimeout: 60000, moz:useNonSpecCompliantPointerOrigin: false, moz:webdriverClick: true, moz:windowless: false, pageLoadStrategy: normal, platformName: WINDOWS, proxy: Proxy(), se:cdp: ws://localhost:56446/devtoo..., se:cdpVersion: 85.0, setWindowRect: true, strictFileInteractability: false, timeouts: {implicit: 0, pageLoad: 300000, script: 30000}, unhandledPromptBehavior: dismiss and notify}
Session ID: e7862f6a-3263-4ab5-a4d8-09674f360697
	at java.base/jdk.internal.reflect.NativeConstructorAccessorImpl.newInstance0(Native Method)
	at java.base/jdk.internal.reflect.NativeConstructorAccessorImpl.newInstance(NativeConstructorAccessorImpl.java:77)
	at java.base/jdk.internal.reflect.DelegatingConstructorAccessorImpl.newInstance(DelegatingConstructorAccessorImpl.java:45)
	at java.base/java.lang.reflect.Constructor.newInstanceWithCaller(Constructor.java:499)
	at java.base/java.lang.reflect.Constructor.newInstance(Constructor.java:480)
	at org.openqa.selenium.remote.codec.w3c.W3CHttpResponseCodec.createException(W3CHttpResponseCodec.java:200)
	at org.openqa.selenium.remote.codec.w3c.W3CHttpResponseCodec.decode(W3CHttpResponseCodec.java:133)
	at org.openqa.selenium.remote.codec.w3c.W3CHttpResponseCodec.decode(W3CHttpResponseCodec.java:53)
	at org.openqa.selenium.remote.HttpCommandExecutor.execute(HttpCommandExecutor.java:184)
	at org.openqa.selenium.remote.service.DriverCommandExecutor.invokeExecute(DriverCommandExecutor.java:167)
	at org.openqa.selenium.remote.service.DriverCommandExecutor.execute(DriverCommandExecutor.java:142)
	at org.openqa.selenium.remote.RemoteWebDriver.execute(RemoteWebDriver.java:569)
	at org.openqa.selenium.remote.ElementLocation$ElementFinder$2.findElement(ElementLocation.java:162)
	at org.openqa.selenium.remote.ElementLocation.findElement(ElementLocation.java:60)
	at org.openqa.selenium.remote.RemoteWebDriver.findElement(RemoteWebDriver.java:387)
	at org.openqa.selenium.remote.RemoteWebDriver.findElement(RemoteWebDriver.java:379)
	at PageObjectModel.HomePage.removeAdd(HomePage.java:52)
	at stepdefinitions.StepDefinitionsForCrossBrowsing.click_on_telecom_project_link(StepDefinitionsForCrossBrowsing.java:133)
	at ?.click on telecom project link(file:///D:/workspace/Practice/src/test/resources/parallel/CreateNewCustomer.feature:7)
</textarea>
										</td>
									</tr>
									<tr>
										<td>Jul 29, 2022 05:23:34 pm</td>
										<td class='linked' test-id='128'>Then i should see the dashboard</td>
										<td>
											<textarea disabled class="code-block">org.openqa.selenium.NoSuchElementException: Unable to locate element: #google_ads_iframe_\/24132379\/INTERSTITIAL_DemoGuru99_0__container__
For documentation on this error, please visit: https://selenium.dev/exceptions/#no_such_element
Build info: version: '4.3.0', revision: 'a4995e2c09*'
System info: host: 'DESKTOP-5G78EO0', ip: '192.168.43.47', os.name: 'Windows 10', os.arch: 'amd64', os.version: '10.0', java.version: '17.0.2'
Driver info: org.openqa.selenium.firefox.FirefoxDriver
Command: [e7862f6a-3263-4ab5-a4d8-09674f360697, findElement {using=id, value=google_ads_iframe_/24132379/INTERSTITIAL_DemoGuru99_0__container__}]
Capabilities {acceptInsecureCerts: true, browserName: firefox, browserVersion: 103.0, moz:accessibilityChecks: false, moz:buildID: 20220718155818, moz:debuggerAddress: localhost:56446, moz:geckodriverVersion: 0.31.0, moz:headless: false, moz:platformVersion: 10.0, moz:processID: 4872, moz:profile: C:\Users\Dell\AppData\Local..., moz:shutdownTimeout: 60000, moz:useNonSpecCompliantPointerOrigin: false, moz:webdriverClick: true, moz:windowless: false, pageLoadStrategy: normal, platformName: WINDOWS, proxy: Proxy(), se:cdp: ws://localhost:56446/devtoo..., se:cdpVersion: 85.0, setWindowRect: true, strictFileInteractability: false, timeouts: {implicit: 0, pageLoad: 300000, script: 30000}, unhandledPromptBehavior: dismiss and notify}
Session ID: e7862f6a-3263-4ab5-a4d8-09674f360697
	at java.base/jdk.internal.reflect.NativeConstructorAccessorImpl.newInstance0(Native Method)
	at java.base/jdk.internal.reflect.NativeConstructorAccessorImpl.newInstance(NativeConstructorAccessorImpl.java:77)
	at java.base/jdk.internal.reflect.DelegatingConstructorAccessorImpl.newInstance(DelegatingConstructorAccessorImpl.java:45)
	at java.base/java.lang.reflect.Constructor.newInstanceWithCaller(Constructor.java:499)
	at java.base/java.lang.reflect.Constructor.newInstance(Constructor.java:480)
	at org.openqa.selenium.remote.codec.w3c.W3CHttpResponseCodec.createException(W3CHttpResponseCodec.java:200)
	at org.openqa.selenium.remote.codec.w3c.W3CHttpResponseCodec.decode(W3CHttpResponseCodec.java:133)
	at org.openqa.selenium.remote.codec.w3c.W3CHttpResponseCodec.decode(W3CHttpResponseCodec.java:53)
	at org.openqa.selenium.remote.HttpCommandExecutor.execute(HttpCommandExecutor.java:184)
	at org.openqa.selenium.remote.service.DriverCommandExecutor.invokeExecute(DriverCommandExecutor.java:167)
	at org.openqa.selenium.remote.service.DriverCommandExecutor.execute(DriverCommandExecutor.java:142)
	at org.openqa.selenium.remote.RemoteWebDriver.execute(RemoteWebDriver.java:569)
	at org.openqa.selenium.remote.ElementLocation$ElementFinder$2.findElement(ElementLocation.java:162)
	at org.openqa.selenium.remote.ElementLocation.findElement(ElementLocation.java:60)
	at org.openqa.selenium.remote.RemoteWebDriver.findElement(RemoteWebDriver.java:387)
	at org.openqa.selenium.remote.RemoteWebDriver.findElement(RemoteWebDriver.java:379)
	at PageObjectModel.HomePage.removeAdd(HomePage.java:52)
	at stepdefinitions.StepDefinitionsForCrossBrowsing.click_on_telecom_project_link(StepDefinitionsForCrossBrowsing.java:133)
	at ?.click on telecom project link(file:///D:/workspace/Practice/src/test/resources/parallel/CreateNewCustomer.feature:7)
</textarea>
										</td>
									</tr>
									<tr>
										<td>Jul 29, 2022 05:23:47 pm</td>
										<td class='linked' test-id='136'>Then i should see the dashboard</td>
										<td>
											<textarea disabled class="code-block">org.openqa.selenium.NoSuchElementException: Unable to locate element: #google_ads_iframe_\/24132379\/INTERSTITIAL_DemoGuru99_0__container__
For documentation on this error, please visit: https://selenium.dev/exceptions/#no_such_element
Build info: version: '4.3.0', revision: 'a4995e2c09*'
System info: host: 'DESKTOP-5G78EO0', ip: '192.168.43.47', os.name: 'Windows 10', os.arch: 'amd64', os.version: '10.0', java.version: '17.0.2'
Driver info: org.openqa.selenium.firefox.FirefoxDriver
Command: [e7862f6a-3263-4ab5-a4d8-09674f360697, findElement {using=id, value=google_ads_iframe_/24132379/INTERSTITIAL_DemoGuru99_0__container__}]
Capabilities {acceptInsecureCerts: true, browserName: firefox, browserVersion: 103.0, moz:accessibilityChecks: false, moz:buildID: 20220718155818, moz:debuggerAddress: localhost:56446, moz:geckodriverVersion: 0.31.0, moz:headless: false, moz:platformVersion: 10.0, moz:processID: 4872, moz:profile: C:\Users\Dell\AppData\Local..., moz:shutdownTimeout: 60000, moz:useNonSpecCompliantPointerOrigin: false, moz:webdriverClick: true, moz:windowless: false, pageLoadStrategy: normal, platformName: WINDOWS, proxy: Proxy(), se:cdp: ws://localhost:56446/devtoo..., se:cdpVersion: 85.0, setWindowRect: true, strictFileInteractability: false, timeouts: {implicit: 0, pageLoad: 300000, script: 30000}, unhandledPromptBehavior: dismiss and notify}
Session ID: e7862f6a-3263-4ab5-a4d8-09674f360697
	at java.base/jdk.internal.reflect.NativeConstructorAccessorImpl.newInstance0(Native Method)
	at java.base/jdk.internal.reflect.NativeConstructorAccessorImpl.newInstance(NativeConstructorAccessorImpl.java:77)
	at java.base/jdk.internal.reflect.DelegatingConstructorAccessorImpl.newInstance(DelegatingConstructorAccessorImpl.java:45)
	at java.base/java.lang.reflect.Constructor.newInstanceWithCaller(Constructor.java:499)
	at java.base/java.lang.reflect.Constructor.newInstance(Constructor.java:480)
	at org.openqa.selenium.remote.codec.w3c.W3CHttpResponseCodec.createException(W3CHttpResponseCodec.java:200)
	at org.openqa.selenium.remote.codec.w3c.W3CHttpResponseCodec.decode(W3CHttpResponseCodec.java:133)
	at org.openqa.selenium.remote.codec.w3c.W3CHttpResponseCodec.decode(W3CHttpResponseCodec.java:53)
	at org.openqa.selenium.remote.HttpCommandExecutor.execute(HttpCommandExecutor.java:184)
	at org.openqa.selenium.remote.service.DriverCommandExecutor.invokeExecute(DriverCommandExecutor.java:167)
	at org.openqa.selenium.remote.service.DriverCommandExecutor.execute(DriverCommandExecutor.java:142)
	at org.openqa.selenium.remote.RemoteWebDriver.execute(RemoteWebDriver.java:569)
	at org.openqa.selenium.remote.ElementLocation$ElementFinder$2.findElement(ElementLocation.java:162)
	at org.openqa.selenium.remote.ElementLocation.findElement(ElementLocation.java:60)
	at org.openqa.selenium.remote.RemoteWebDriver.findElement(RemoteWebDriver.java:387)
	at org.openqa.selenium.remote.RemoteWebDriver.findElement(RemoteWebDriver.java:379)
	at PageObjectModel.HomePage.removeAdd(HomePage.java:52)
	at stepdefinitions.StepDefinitionsForCrossBrowsing.click_on_telecom_project_link(StepDefinitionsForCrossBrowsing.java:133)
	at ?.click on telecom project link(file:///D:/workspace/Practice/src/test/resources/parallel/CreateNewCustomer.feature:7)
</textarea>
										</td>
									</tr>
								</tbody>
							</table>
						</div>
					</div>
				</li>
			</ul>
		</div>
	</div>
	<div class='subview-right left'>
		<div class='view-summary'>
			<h5 class='exception-name'></h5>
		</div>
	</div>
</div>
<!-- exception view --><div id='dashboard-view' class='view hide'>
	<div class='card-panel transparent np-v'>
		<h5>Dashboard</h5>

		<div class='row'>
			<div class='col s2'>
				<div class='card-panel r'>
					Features
					<div class='panel-lead'>4</div>
				</div>
			</div>
			<div class='col s2'>
				<div class='card-panel r'>
					Scenarios
					<div class='panel-lead'>18</div>
				</div>
			</div>
			<div class='col s2'>
				<div class='card-panel r'>
					Steps
					<div class='panel-lead'>105</div>
				</div>
			</div>
			<div class='col s2'>
				<div class='card-panel r'>
					Start
					<div class='panel-lead'>Jul 29, 2022 05:19:03 pm</div>
				</div>
			</div>
			<div class='col s2'>
				<div class='card-panel r'>
			 		End
			 		<div class='panel-lead'>Jul 29, 2022 05:24:10 pm</div>
				</div>
			</div>
			<div class='col s2'>
				<div class='card-panel r'>
					Time Taken
					<div class='panel-lead'>00 05 07.624</div>
				</div>
			</div>
			<div class='col s6'>
				<div class='card-panel dashboard-categories'>
					<span class='right label cyan white-text'>Categories</span><p>&nbsp;</p>
					
					<table>
						<tr>
							<th>Name</th>
							<th>Passed</th>
							<th>Failed</th>
							<th>Skipped</th>
							<th>Passed %</th>
						</tr>
						<tr>
							<td>@datadriven</td>
							<td>6</td>
							<td>4</td>
							<td>0</td>
							<td>
									60%
							</td>
						</tr>
						<tr>
							<td>@addTariff</td>
							<td>1</td>
							<td>2</td>
							<td>0</td>
							<td>
									33.333%
							</td>
						</tr>
						<tr>
							<td>@login</td>
							<td>3</td>
							<td>0</td>
							<td>0</td>
							<td>
									100%
							</td>
						</tr>
					</table>
				</div>
			</div>
		</div>
	</div>
</div>
<!-- dashboard view -->
		</div>
		<!-- container -->
		<script>
			var statusGroup = {
                parentCount: 4,
				passParent: 0,
				failParent: 4,
				fatalParent: 0,
				errorParent: 0,
				warningParent: 0,
				skipParent: 0,
				childCount: 18,
				passChild: 10,
				failChild: 8,
				fatalChild: 0,
				errorChild: 0,
				warningChild: 0,
				skipChild: 0,
				infoChild: 0,
				grandChildCount: 105,
				passGrandChild: 72,
				failGrandChild: 9,
				fatalGrandChild: 0,
				errorGrandChild: 0,
				warningGrandChild: 0,
				skipGrandChild: 24,
				infoGrandChild: 0,
			};
			</script>
		
		<script>
			var timeline = {
			        "Add new Customer in telecom application":139.138,"Add new Customer in telecom application":220.353,"Add new Customer in telecom application":114.397,"login":101.674
			};
		</script>
		
		  <script src='https://cdn.jsdelivr.net/gh/extent-framework/extent-github-cdn@ff53917fbbdb5ef820abbbe4d199a6942dc771ff/v3html/js/extent.js' type='text/javascript'></script>
		
		
		<script type='text/javascript'>
				
		</script> 

	</body>
</html>